==3319== Memcheck, a memory error detector
==3319== Copyright (C) 2002-2022, and GNU GPL'd, by Julian Seward et al.
==3319== Using Valgrind-3.19.0 and LibVEX; rerun with -h for copyright info
==3319== Command: bin/view 12 12
==3319== Parent PID: 3318
==3319== 
==3319== 
==3319== HEAP SUMMARY:
==3319==     in use at exit: 5,598 bytes in 4 blocks
==3319==   total heap usage: 483 allocs, 479 frees, 126,326 bytes allocated
==3319== 
==3319== 6 bytes in 1 blocks are still reachable in loss record 1 of 4
==3319==    at 0x48407B4: malloc (vg_replace_malloc.c:381)
==3319==    by 0x49558E9: strdup (strdup.c:42)
==3319==    by 0x48961D7: ??? (in /usr/lib/x86_64-linux-gnu/libtinfo.so.6.4)
==3319==    by 0x48969A7: _nc_first_db (in /usr/lib/x86_64-linux-gnu/libtinfo.so.6.4)
==3319==    by 0x48A1FA6: _nc_read_entry2 (in /usr/lib/x86_64-linux-gnu/libtinfo.so.6.4)
==3319==    by 0x4899018: ??? (in /usr/lib/x86_64-linux-gnu/libtinfo.so.6.4)
==3319==    by 0x48993D5: _nc_setupterm (in /usr/lib/x86_64-linux-gnu/libtinfo.so.6.4)
==3319==    by 0x486E868: newterm_sp (in /usr/lib/x86_64-linux-gnu/libncurses.so.6.4)
==3319==    by 0x486ED07: newterm (in /usr/lib/x86_64-linux-gnu/libncurses.so.6.4)
==3319==    by 0x10A4F2: main (view.c:52)
==3319== 
==3319== 48 bytes in 1 blocks are still reachable in loss record 2 of 4
==3319==    at 0x48455EF: calloc (vg_replace_malloc.c:1328)
==3319==    by 0x48965CB: _nc_first_db (in /usr/lib/x86_64-linux-gnu/libtinfo.so.6.4)
==3319==    by 0x48A1FA6: _nc_read_entry2 (in /usr/lib/x86_64-linux-gnu/libtinfo.so.6.4)
==3319==    by 0x4899018: ??? (in /usr/lib/x86_64-linux-gnu/libtinfo.so.6.4)
==3319==    by 0x48993D5: _nc_setupterm (in /usr/lib/x86_64-linux-gnu/libtinfo.so.6.4)
==3319==    by 0x486E868: newterm_sp (in /usr/lib/x86_64-linux-gnu/libncurses.so.6.4)
==3319==    by 0x486ED07: newterm (in /usr/lib/x86_64-linux-gnu/libncurses.so.6.4)
==3319==    by 0x10A4F2: main (view.c:52)
==3319== 
==3319== 87 bytes in 1 blocks are still reachable in loss record 3 of 4
==3319==    at 0x48407B4: malloc (vg_replace_malloc.c:381)
==3319==    by 0x4896530: _nc_first_db (in /usr/lib/x86_64-linux-gnu/libtinfo.so.6.4)
==3319==    by 0x48A1FA6: _nc_read_entry2 (in /usr/lib/x86_64-linux-gnu/libtinfo.so.6.4)
==3319==    by 0x4899018: ??? (in /usr/lib/x86_64-linux-gnu/libtinfo.so.6.4)
==3319==    by 0x48993D5: _nc_setupterm (in /usr/lib/x86_64-linux-gnu/libtinfo.so.6.4)
==3319==    by 0x486E868: newterm_sp (in /usr/lib/x86_64-linux-gnu/libncurses.so.6.4)
==3319==    by 0x486ED07: newterm (in /usr/lib/x86_64-linux-gnu/libncurses.so.6.4)
==3319==    by 0x10A4F2: main (view.c:52)
==3319== 
==3319== 5,457 bytes in 1 blocks are still reachable in loss record 4 of 4
==3319==    at 0x48407B4: malloc (vg_replace_malloc.c:381)
==3319==    by 0x487592D: ??? (in /usr/lib/x86_64-linux-gnu/libncurses.so.6.4)
==3319==    by 0x486FCAF: vw_printw (in /usr/lib/x86_64-linux-gnu/libncurses.so.6.4)
==3319==    by 0x486FFF4: mvwprintw (in /usr/lib/x86_64-linux-gnu/libncurses.so.6.4)
==3319==    by 0x10AF0A: draw_leaderboard (view.c:250)
==3319==    by 0x10A717: main (view.c:111)
==3319== 
==3319== LEAK SUMMARY:
==3319==    definitely lost: 0 bytes in 0 blocks
==3319==    indirectly lost: 0 bytes in 0 blocks
==3319==      possibly lost: 0 bytes in 0 blocks
==3319==    still reachable: 5,598 bytes in 4 blocks
==3319==         suppressed: 0 bytes in 0 blocks
==3319== 
==3319== For lists of detected and suppressed errors, rerun with: -s
==3319== ERROR SUMMARY: 0 errors from 0 contexts (suppressed: 0 from 0)
