==2257== Memcheck, a memory error detector
==2257== Copyright (C) 2002-2022, and GNU GPL'd, by Julian Seward et al.
==2257== Using Valgrind-3.19.0 and LibVEX; rerun with -h for copyright info
==2257== Command: bin/master -w 10 -h 10 -d 50 -t 2 -s 1 -v bin/view -p bin/player
==2257== Parent PID: 2256
==2257== 
==2257== 
==2257== Process terminating with default action of signal 2 (SIGINT)
==2257==    at 0x492EB13: wait4 (wait4.c:30)
==2257==    by 0x1095F1: main (in /root/bin/master)
==2257== 
==2257== HEAP SUMMARY:
==2257==     in use at exit: 1,024 bytes in 1 blocks
==2257==   total heap usage: 1 allocs, 0 frees, 1,024 bytes allocated
==2257== 
==2257== 1,024 bytes in 1 blocks are still reachable in loss record 1 of 1
==2257==    at 0x48407B4: malloc (vg_replace_malloc.c:381)
==2257==    by 0x48D08CB: _IO_file_doallocate (filedoalloc.c:101)
==2257==    by 0x48DE0AF: _IO_doallocbuf (genops.c:347)
==2257==    by 0x48DE0AF: _IO_doallocbuf (genops.c:342)
==2257==    by 0x48DD477: _IO_file_overflow@@GLIBC_2.2.5 (fileops.c:744)
==2257==    by 0x48DC63D: _IO_new_file_xsputn (fileops.c:1243)
==2257==    by 0x48DC63D: _IO_file_xsputn@@GLIBC_2.2.5 (fileops.c:1196)
==2257==    by 0x48D2A47: puts (ioputs.c:40)
==2257==    by 0x109558: main (in /root/bin/master)
==2257== 
==2257== LEAK SUMMARY:
==2257==    definitely lost: 0 bytes in 0 blocks
==2257==    indirectly lost: 0 bytes in 0 blocks
==2257==      possibly lost: 0 bytes in 0 blocks
==2257==    still reachable: 1,024 bytes in 1 blocks
==2257==         suppressed: 0 bytes in 0 blocks
==2257== 
==2257== For lists of detected and suppressed errors, rerun with: -s
==2257== ERROR SUMMARY: 0 errors from 0 contexts (suppressed: 0 from 0)
