==2259== Memcheck, a memory error detector
==2259== Copyright (C) 2002-2022, and GNU GPL'd, by Julian Seward et al.
==2259== Using Valgrind-3.19.0 and LibVEX; rerun with -h for copyright info
==2259== Command: bin/player 10 10
==2259== Parent PID: 2257
==2259== 
==2259== 
==2259== Process terminating with default action of signal 2 (SIGINT)
==2259==    at 0x48E0E16: __futex_abstimed_wait_common (futex-internal.c:103)
==2259==    by 0x48EBCCF: __new_sem_wait_slow64.constprop.0 (sem_waitcommon.c:183)
==2259==    by 0x1094B3: acquire_read_lock (in /root/bin/player)
==2259==    by 0x1097C8: main (in /root/bin/player)
==2259== 
==2259== HEAP SUMMARY:
==2259==     in use at exit: 0 bytes in 0 blocks
==2259==   total heap usage: 0 allocs, 0 frees, 0 bytes allocated
==2259== 
==2259== All heap blocks were freed -- no leaks are possible
==2259== 
==2259== For lists of detected and suppressed errors, rerun with: -s
==2259== ERROR SUMMARY: 0 errors from 0 contexts (suppressed: 0 from 0)
