==2258== Memcheck, a memory error detector
==2258== Copyright (C) 2002-2022, and GNU GPL'd, by Julian Seward et al.
==2258== Using Valgrind-3.19.0 and LibVEX; rerun with -h for copyright info
==2258== Command: bin/view 10 10
==2258== Parent PID: 2257
==2258== 
==2258== 
==2258== HEAP SUMMARY:
==2258==     in use at exit: 96,963 bytes in 429 blocks
==2258==   total heap usage: 441 allocs, 12 frees, 105,984 bytes allocated
==2258== 
==2258== 4 bytes in 1 blocks are still reachable in loss record 1 of 97
==2258==    at 0x48455EF: calloc (vg_replace_malloc.c:1328)
==2258==    by 0x4872513: ??? (in /usr/lib/x86_64-linux-gnu/libncurses.so.6.4)
==2258==    by 0x486E8B3: newterm_sp (in /usr/lib/x86_64-linux-gnu/libncurses.so.6.4)
==2258==    by 0x486ED07: newterm (in /usr/lib/x86_64-linux-gnu/libncurses.so.6.4)
==2258==    by 0x486AF3F: initscr (in /usr/lib/x86_64-linux-gnu/libncurses.so.6.4)
==2258==    by 0x1094C7: main (in /root/bin/view)
==2258== 
==2258== 6 bytes in 1 blocks are still reachable in loss record 2 of 97
==2258==    at 0x48407B4: malloc (vg_replace_malloc.c:381)
==2258==    by 0x49558E9: strdup (strdup.c:42)
==2258==    by 0x48961D7: ??? (in /usr/lib/x86_64-linux-gnu/libtinfo.so.6.4)
==2258==    by 0x48969A7: _nc_first_db (in /usr/lib/x86_64-linux-gnu/libtinfo.so.6.4)
==2258==    by 0x48A1FA6: _nc_read_entry2 (in /usr/lib/x86_64-linux-gnu/libtinfo.so.6.4)
==2258==    by 0x4899018: ??? (in /usr/lib/x86_64-linux-gnu/libtinfo.so.6.4)
==2258==    by 0x48993D5: _nc_setupterm (in /usr/lib/x86_64-linux-gnu/libtinfo.so.6.4)
==2258==    by 0x486E868: newterm_sp (in /usr/lib/x86_64-linux-gnu/libncurses.so.6.4)
==2258==    by 0x486ED07: newterm (in /usr/lib/x86_64-linux-gnu/libncurses.so.6.4)
==2258==    by 0x486AF3F: initscr (in /usr/lib/x86_64-linux-gnu/libncurses.so.6.4)
==2258==    by 0x1094C7: main (in /root/bin/view)
==2258== 
==2258== 6 bytes in 1 blocks are still reachable in loss record 3 of 97
==2258==    at 0x48407B4: malloc (vg_replace_malloc.c:381)
==2258==    by 0x49558E9: strdup (strdup.c:42)
==2258==    by 0x4899435: _nc_setupterm (in /usr/lib/x86_64-linux-gnu/libtinfo.so.6.4)
==2258==    by 0x486E868: newterm_sp (in /usr/lib/x86_64-linux-gnu/libncurses.so.6.4)
==2258==    by 0x486ED07: newterm (in /usr/lib/x86_64-linux-gnu/libncurses.so.6.4)
==2258==    by 0x486AF3F: initscr (in /usr/lib/x86_64-linux-gnu/libncurses.so.6.4)
==2258==    by 0x1094C7: main (in /root/bin/view)
==2258== 
==2258== 9 bytes in 1 blocks are still reachable in loss record 4 of 97
==2258==    at 0x48407B4: malloc (vg_replace_malloc.c:381)
==2258==    by 0x49558E9: strdup (strdup.c:42)
==2258==    by 0x489B1D5: ??? (in /usr/lib/x86_64-linux-gnu/libtinfo.so.6.4)
==2258==    by 0x489E2C0: _nc_tiparm (in /usr/lib/x86_64-linux-gnu/libtinfo.so.6.4)
==2258==    by 0x486E129: ??? (in /usr/lib/x86_64-linux-gnu/libncurses.so.6.4)
==2258==    by 0x486EA32: newterm_sp (in /usr/lib/x86_64-linux-gnu/libncurses.so.6.4)
==2258==    by 0x486ED07: newterm (in /usr/lib/x86_64-linux-gnu/libncurses.so.6.4)
==2258==    by 0x486AF3F: initscr (in /usr/lib/x86_64-linux-gnu/libncurses.so.6.4)
==2258==    by 0x1094C7: main (in /root/bin/view)
==2258== 
==2258== 9 bytes in 1 blocks are still reachable in loss record 5 of 97
==2258==    at 0x48407B4: malloc (vg_replace_malloc.c:381)
==2258==    by 0x49558E9: strdup (strdup.c:42)
==2258==    by 0x489B1D5: ??? (in /usr/lib/x86_64-linux-gnu/libtinfo.so.6.4)
==2258==    by 0x489E2C0: _nc_tiparm (in /usr/lib/x86_64-linux-gnu/libtinfo.so.6.4)
==2258==    by 0x486E2E4: ??? (in /usr/lib/x86_64-linux-gnu/libncurses.so.6.4)
==2258==    by 0x486EA32: newterm_sp (in /usr/lib/x86_64-linux-gnu/libncurses.so.6.4)
==2258==    by 0x486ED07: newterm (in /usr/lib/x86_64-linux-gnu/libncurses.so.6.4)
==2258==    by 0x486AF3F: initscr (in /usr/lib/x86_64-linux-gnu/libncurses.so.6.4)
==2258==    by 0x1094C7: main (in /root/bin/view)
==2258== 
==2258== 9 bytes in 1 blocks are still reachable in loss record 6 of 97
==2258==    at 0x48407B4: malloc (vg_replace_malloc.c:381)
==2258==    by 0x49558E9: strdup (strdup.c:42)
==2258==    by 0x489B1D5: ??? (in /usr/lib/x86_64-linux-gnu/libtinfo.so.6.4)
==2258==    by 0x489E2C0: _nc_tiparm (in /usr/lib/x86_64-linux-gnu/libtinfo.so.6.4)
==2258==    by 0x486E32E: ??? (in /usr/lib/x86_64-linux-gnu/libncurses.so.6.4)
==2258==    by 0x486EA32: newterm_sp (in /usr/lib/x86_64-linux-gnu/libncurses.so.6.4)
==2258==    by 0x486ED07: newterm (in /usr/lib/x86_64-linux-gnu/libncurses.so.6.4)
==2258==    by 0x486AF3F: initscr (in /usr/lib/x86_64-linux-gnu/libncurses.so.6.4)
==2258==    by 0x1094C7: main (in /root/bin/view)
==2258== 
==2258== 9 bytes in 1 blocks are still reachable in loss record 7 of 97
==2258==    at 0x48407B4: malloc (vg_replace_malloc.c:381)
==2258==    by 0x49558E9: strdup (strdup.c:42)
==2258==    by 0x489B1D5: ??? (in /usr/lib/x86_64-linux-gnu/libtinfo.so.6.4)
==2258==    by 0x489E2C0: _nc_tiparm (in /usr/lib/x86_64-linux-gnu/libtinfo.so.6.4)
==2258==    by 0x486E378: ??? (in /usr/lib/x86_64-linux-gnu/libncurses.so.6.4)
==2258==    by 0x486EA32: newterm_sp (in /usr/lib/x86_64-linux-gnu/libncurses.so.6.4)
==2258==    by 0x486ED07: newterm (in /usr/lib/x86_64-linux-gnu/libncurses.so.6.4)
==2258==    by 0x486AF3F: initscr (in /usr/lib/x86_64-linux-gnu/libncurses.so.6.4)
==2258==    by 0x1094C7: main (in /root/bin/view)
==2258== 
==2258== 9 bytes in 1 blocks are possibly lost in loss record 8 of 97
==2258==    at 0x48407B4: malloc (vg_replace_malloc.c:381)
==2258==    by 0x49558E9: strdup (strdup.c:42)
==2258==    by 0x489B1D5: ??? (in /usr/lib/x86_64-linux-gnu/libtinfo.so.6.4)
==2258==    by 0x489E2C0: _nc_tiparm (in /usr/lib/x86_64-linux-gnu/libtinfo.so.6.4)
==2258==    by 0x486E087: ??? (in /usr/lib/x86_64-linux-gnu/libncurses.so.6.4)
==2258==    by 0x486EA32: newterm_sp (in /usr/lib/x86_64-linux-gnu/libncurses.so.6.4)
==2258==    by 0x486ED07: newterm (in /usr/lib/x86_64-linux-gnu/libncurses.so.6.4)
==2258==    by 0x486AF3F: initscr (in /usr/lib/x86_64-linux-gnu/libncurses.so.6.4)
==2258==    by 0x1094C7: main (in /root/bin/view)
==2258== 
==2258== 9 bytes in 1 blocks are possibly lost in loss record 9 of 97
==2258==    at 0x48407B4: malloc (vg_replace_malloc.c:381)
==2258==    by 0x49558E9: strdup (strdup.c:42)
==2258==    by 0x489B1D5: ??? (in /usr/lib/x86_64-linux-gnu/libtinfo.so.6.4)
==2258==    by 0x489E2C0: _nc_tiparm (in /usr/lib/x86_64-linux-gnu/libtinfo.so.6.4)
==2258==    by 0x486E0BD: ??? (in /usr/lib/x86_64-linux-gnu/libncurses.so.6.4)
==2258==    by 0x486EA32: newterm_sp (in /usr/lib/x86_64-linux-gnu/libncurses.so.6.4)
==2258==    by 0x486ED07: newterm (in /usr/lib/x86_64-linux-gnu/libncurses.so.6.4)
==2258==    by 0x486AF3F: initscr (in /usr/lib/x86_64-linux-gnu/libncurses.so.6.4)
==2258==    by 0x1094C7: main (in /root/bin/view)
==2258== 
==2258== 9 bytes in 1 blocks are possibly lost in loss record 10 of 97
==2258==    at 0x48407B4: malloc (vg_replace_malloc.c:381)
==2258==    by 0x49558E9: strdup (strdup.c:42)
==2258==    by 0x489B1D5: ??? (in /usr/lib/x86_64-linux-gnu/libtinfo.so.6.4)
==2258==    by 0x489E2C0: _nc_tiparm (in /usr/lib/x86_64-linux-gnu/libtinfo.so.6.4)
==2258==    by 0x486E0F3: ??? (in /usr/lib/x86_64-linux-gnu/libncurses.so.6.4)
==2258==    by 0x486EA32: newterm_sp (in /usr/lib/x86_64-linux-gnu/libncurses.so.6.4)
==2258==    by 0x486ED07: newterm (in /usr/lib/x86_64-linux-gnu/libncurses.so.6.4)
==2258==    by 0x486AF3F: initscr (in /usr/lib/x86_64-linux-gnu/libncurses.so.6.4)
==2258==    by 0x1094C7: main (in /root/bin/view)
==2258== 
==2258== 10 bytes in 1 blocks are still reachable in loss record 11 of 97
==2258==    at 0x48407B4: malloc (vg_replace_malloc.c:381)
==2258==    by 0x49558E9: strdup (strdup.c:42)
==2258==    by 0x489B1D5: ??? (in /usr/lib/x86_64-linux-gnu/libtinfo.so.6.4)
==2258==    by 0x489E2C0: _nc_tiparm (in /usr/lib/x86_64-linux-gnu/libtinfo.so.6.4)
==2258==    by 0x4866C96: ??? (in /usr/lib/x86_64-linux-gnu/libncurses.so.6.4)
==2258==    by 0x4867F59: ??? (in /usr/lib/x86_64-linux-gnu/libncurses.so.6.4)
==2258==    by 0x487A152: doupdate_sp (in /usr/lib/x86_64-linux-gnu/libncurses.so.6.4)
==2258==    by 0x48703E3: wrefresh (in /usr/lib/x86_64-linux-gnu/libncurses.so.6.4)
==2258==    by 0x10969A: main (in /root/bin/view)
==2258== 
==2258== 10 bytes in 1 blocks are still reachable in loss record 12 of 97
==2258==    at 0x48407B4: malloc (vg_replace_malloc.c:381)
==2258==    by 0x49558E9: strdup (strdup.c:42)
==2258==    by 0x489B1D5: ??? (in /usr/lib/x86_64-linux-gnu/libtinfo.so.6.4)
==2258==    by 0x489E2C0: _nc_tiparm (in /usr/lib/x86_64-linux-gnu/libtinfo.so.6.4)
==2258==    by 0x4866D06: ??? (in /usr/lib/x86_64-linux-gnu/libncurses.so.6.4)
==2258==    by 0x4867FA3: ??? (in /usr/lib/x86_64-linux-gnu/libncurses.so.6.4)
==2258==    by 0x487A152: doupdate_sp (in /usr/lib/x86_64-linux-gnu/libncurses.so.6.4)
==2258==    by 0x48703E3: wrefresh (in /usr/lib/x86_64-linux-gnu/libncurses.so.6.4)
==2258==    by 0x10969A: main (in /root/bin/view)
==2258== 
==2258== 11 bytes in 1 blocks are still reachable in loss record 13 of 97
==2258==    at 0x48407B4: malloc (vg_replace_malloc.c:381)
==2258==    by 0x49558E9: strdup (strdup.c:42)
==2258==    by 0x489B1D5: ??? (in /usr/lib/x86_64-linux-gnu/libtinfo.so.6.4)
==2258==    by 0x489E2C0: _nc_tiparm (in /usr/lib/x86_64-linux-gnu/libtinfo.so.6.4)
==2258==    by 0x486E15C: ??? (in /usr/lib/x86_64-linux-gnu/libncurses.so.6.4)
==2258==    by 0x486EA32: newterm_sp (in /usr/lib/x86_64-linux-gnu/libncurses.so.6.4)
==2258==    by 0x486ED07: newterm (in /usr/lib/x86_64-linux-gnu/libncurses.so.6.4)
==2258==    by 0x486AF3F: initscr (in /usr/lib/x86_64-linux-gnu/libncurses.so.6.4)
==2258==    by 0x1094C7: main (in /root/bin/view)
==2258== 
==2258== 11 bytes in 1 blocks are still reachable in loss record 14 of 97
==2258==    at 0x48407B4: malloc (vg_replace_malloc.c:381)
==2258==    by 0x49558E9: strdup (strdup.c:42)
==2258==    by 0x489B1D5: ??? (in /usr/lib/x86_64-linux-gnu/libtinfo.so.6.4)
==2258==    by 0x489E2C0: _nc_tiparm (in /usr/lib/x86_64-linux-gnu/libtinfo.so.6.4)
==2258==    by 0x486E192: ??? (in /usr/lib/x86_64-linux-gnu/libncurses.so.6.4)
==2258==    by 0x486EA32: newterm_sp (in /usr/lib/x86_64-linux-gnu/libncurses.so.6.4)
==2258==    by 0x486ED07: newterm (in /usr/lib/x86_64-linux-gnu/libncurses.so.6.4)
==2258==    by 0x486AF3F: initscr (in /usr/lib/x86_64-linux-gnu/libncurses.so.6.4)
==2258==    by 0x1094C7: main (in /root/bin/view)
==2258== 
==2258== 17 bytes in 1 blocks are still reachable in loss record 15 of 97
==2258==    at 0x48407B4: malloc (vg_replace_malloc.c:381)
==2258==    by 0x49558E9: strdup (strdup.c:42)
==2258==    by 0x489B1D5: ??? (in /usr/lib/x86_64-linux-gnu/libtinfo.so.6.4)
==2258==    by 0x489E2C0: _nc_tiparm (in /usr/lib/x86_64-linux-gnu/libtinfo.so.6.4)
==2258==    by 0x486E051: ??? (in /usr/lib/x86_64-linux-gnu/libncurses.so.6.4)
==2258==    by 0x486EA32: newterm_sp (in /usr/lib/x86_64-linux-gnu/libncurses.so.6.4)
==2258==    by 0x486ED07: newterm (in /usr/lib/x86_64-linux-gnu/libncurses.so.6.4)
==2258==    by 0x486AF3F: initscr (in /usr/lib/x86_64-linux-gnu/libncurses.so.6.4)
==2258==    by 0x1094C7: main (in /root/bin/view)
==2258== 
==2258== 17 bytes in 1 blocks are still reachable in loss record 16 of 97
==2258==    at 0x48407B4: malloc (vg_replace_malloc.c:381)
==2258==    by 0x49558E9: strdup (strdup.c:42)
==2258==    by 0x489B1D5: ??? (in /usr/lib/x86_64-linux-gnu/libtinfo.so.6.4)
==2258==    by 0x489E2C0: _nc_tiparm (in /usr/lib/x86_64-linux-gnu/libtinfo.so.6.4)
==2258==    by 0x486DE3E: ??? (in /usr/lib/x86_64-linux-gnu/libncurses.so.6.4)
==2258==    by 0x486EA32: newterm_sp (in /usr/lib/x86_64-linux-gnu/libncurses.so.6.4)
==2258==    by 0x486ED07: newterm (in /usr/lib/x86_64-linux-gnu/libncurses.so.6.4)
==2258==    by 0x486AF3F: initscr (in /usr/lib/x86_64-linux-gnu/libncurses.so.6.4)
==2258==    by 0x1094C7: main (in /root/bin/view)
==2258== 
==2258== 18 bytes in 1 blocks are still reachable in loss record 17 of 97
==2258==    at 0x48407B4: malloc (vg_replace_malloc.c:381)
==2258==    by 0x4896DF4: _nc_home_terminfo (in /usr/lib/x86_64-linux-gnu/libtinfo.so.6.4)
==2258==    by 0x4896991: _nc_first_db (in /usr/lib/x86_64-linux-gnu/libtinfo.so.6.4)
==2258==    by 0x48A1FA6: _nc_read_entry2 (in /usr/lib/x86_64-linux-gnu/libtinfo.so.6.4)
==2258==    by 0x4899018: ??? (in /usr/lib/x86_64-linux-gnu/libtinfo.so.6.4)
==2258==    by 0x48993D5: _nc_setupterm (in /usr/lib/x86_64-linux-gnu/libtinfo.so.6.4)
==2258==    by 0x486E868: newterm_sp (in /usr/lib/x86_64-linux-gnu/libncurses.so.6.4)
==2258==    by 0x486ED07: newterm (in /usr/lib/x86_64-linux-gnu/libncurses.so.6.4)
==2258==    by 0x486AF3F: initscr (in /usr/lib/x86_64-linux-gnu/libncurses.so.6.4)
==2258==    by 0x1094C7: main (in /root/bin/view)
==2258== 
==2258== 20 bytes in 1 blocks are still reachable in loss record 18 of 97
==2258==    at 0x48407B4: malloc (vg_replace_malloc.c:381)
==2258==    by 0x49558E9: strdup (strdup.c:42)
==2258==    by 0x489B1D5: ??? (in /usr/lib/x86_64-linux-gnu/libtinfo.so.6.4)
==2258==    by 0x489E2C0: _nc_tiparm (in /usr/lib/x86_64-linux-gnu/libtinfo.so.6.4)
==2258==    by 0x486E3C7: ??? (in /usr/lib/x86_64-linux-gnu/libncurses.so.6.4)
==2258==    by 0x486EA32: newterm_sp (in /usr/lib/x86_64-linux-gnu/libncurses.so.6.4)
==2258==    by 0x486ED07: newterm (in /usr/lib/x86_64-linux-gnu/libncurses.so.6.4)
==2258==    by 0x486AF3F: initscr (in /usr/lib/x86_64-linux-gnu/libncurses.so.6.4)
==2258==    by 0x1094C7: main (in /root/bin/view)
==2258== 
==2258== 24 bytes in 1 blocks are still reachable in loss record 19 of 97
==2258==    at 0x48407B4: malloc (vg_replace_malloc.c:381)
==2258==    by 0x49B9D49: tsearch (tsearch.c:337)
==2258==    by 0x489B1F0: ??? (in /usr/lib/x86_64-linux-gnu/libtinfo.so.6.4)
==2258==    by 0x489E2C0: _nc_tiparm (in /usr/lib/x86_64-linux-gnu/libtinfo.so.6.4)
==2258==    by 0x486E051: ??? (in /usr/lib/x86_64-linux-gnu/libncurses.so.6.4)
==2258==    by 0x486EA32: newterm_sp (in /usr/lib/x86_64-linux-gnu/libncurses.so.6.4)
==2258==    by 0x486ED07: newterm (in /usr/lib/x86_64-linux-gnu/libncurses.so.6.4)
==2258==    by 0x486AF3F: initscr (in /usr/lib/x86_64-linux-gnu/libncurses.so.6.4)
==2258==    by 0x1094C7: main (in /root/bin/view)
==2258== 
==2258== 24 bytes in 1 blocks are still reachable in loss record 20 of 97
==2258==    at 0x48407B4: malloc (vg_replace_malloc.c:381)
==2258==    by 0x49B9CD5: tsearch (tsearch.c:337)
==2258==    by 0x489B1F0: ??? (in /usr/lib/x86_64-linux-gnu/libtinfo.so.6.4)
==2258==    by 0x489E2C0: _nc_tiparm (in /usr/lib/x86_64-linux-gnu/libtinfo.so.6.4)
==2258==    by 0x486E129: ??? (in /usr/lib/x86_64-linux-gnu/libncurses.so.6.4)
==2258==    by 0x486EA32: newterm_sp (in /usr/lib/x86_64-linux-gnu/libncurses.so.6.4)
==2258==    by 0x486ED07: newterm (in /usr/lib/x86_64-linux-gnu/libncurses.so.6.4)
==2258==    by 0x486AF3F: initscr (in /usr/lib/x86_64-linux-gnu/libncurses.so.6.4)
==2258==    by 0x1094C7: main (in /root/bin/view)
==2258== 
==2258== 24 bytes in 1 blocks are still reachable in loss record 21 of 97
==2258==    at 0x48407B4: malloc (vg_replace_malloc.c:381)
==2258==    by 0x49B9CD5: tsearch (tsearch.c:337)
==2258==    by 0x489B1F0: ??? (in /usr/lib/x86_64-linux-gnu/libtinfo.so.6.4)
==2258==    by 0x489E2C0: _nc_tiparm (in /usr/lib/x86_64-linux-gnu/libtinfo.so.6.4)
==2258==    by 0x486E15C: ??? (in /usr/lib/x86_64-linux-gnu/libncurses.so.6.4)
==2258==    by 0x486EA32: newterm_sp (in /usr/lib/x86_64-linux-gnu/libncurses.so.6.4)
==2258==    by 0x486ED07: newterm (in /usr/lib/x86_64-linux-gnu/libncurses.so.6.4)
==2258==    by 0x486AF3F: initscr (in /usr/lib/x86_64-linux-gnu/libncurses.so.6.4)
==2258==    by 0x1094C7: main (in /root/bin/view)
==2258== 
==2258== 24 bytes in 1 blocks are still reachable in loss record 22 of 97
==2258==    at 0x48407B4: malloc (vg_replace_malloc.c:381)
==2258==    by 0x49B9CD5: tsearch (tsearch.c:337)
==2258==    by 0x489B1F0: ??? (in /usr/lib/x86_64-linux-gnu/libtinfo.so.6.4)
==2258==    by 0x489E2C0: _nc_tiparm (in /usr/lib/x86_64-linux-gnu/libtinfo.so.6.4)
==2258==    by 0x486E192: ??? (in /usr/lib/x86_64-linux-gnu/libncurses.so.6.4)
==2258==    by 0x486EA32: newterm_sp (in /usr/lib/x86_64-linux-gnu/libncurses.so.6.4)
==2258==    by 0x486ED07: newterm (in /usr/lib/x86_64-linux-gnu/libncurses.so.6.4)
==2258==    by 0x486AF3F: initscr (in /usr/lib/x86_64-linux-gnu/libncurses.so.6.4)
==2258==    by 0x1094C7: main (in /root/bin/view)
==2258== 
==2258== 24 bytes in 1 blocks are still reachable in loss record 23 of 97
==2258==    at 0x48407B4: malloc (vg_replace_malloc.c:381)
==2258==    by 0x49B9CD5: tsearch (tsearch.c:337)
==2258==    by 0x489B1F0: ??? (in /usr/lib/x86_64-linux-gnu/libtinfo.so.6.4)
==2258==    by 0x489E2C0: _nc_tiparm (in /usr/lib/x86_64-linux-gnu/libtinfo.so.6.4)
==2258==    by 0x486E2E4: ??? (in /usr/lib/x86_64-linux-gnu/libncurses.so.6.4)
==2258==    by 0x486EA32: newterm_sp (in /usr/lib/x86_64-linux-gnu/libncurses.so.6.4)
==2258==    by 0x486ED07: newterm (in /usr/lib/x86_64-linux-gnu/libncurses.so.6.4)
==2258==    by 0x486AF3F: initscr (in /usr/lib/x86_64-linux-gnu/libncurses.so.6.4)
==2258==    by 0x1094C7: main (in /root/bin/view)
==2258== 
==2258== 24 bytes in 1 blocks are still reachable in loss record 24 of 97
==2258==    at 0x48407B4: malloc (vg_replace_malloc.c:381)
==2258==    by 0x49B9CD5: tsearch (tsearch.c:337)
==2258==    by 0x489B1F0: ??? (in /usr/lib/x86_64-linux-gnu/libtinfo.so.6.4)
==2258==    by 0x489E2C0: _nc_tiparm (in /usr/lib/x86_64-linux-gnu/libtinfo.so.6.4)
==2258==    by 0x486E32E: ??? (in /usr/lib/x86_64-linux-gnu/libncurses.so.6.4)
==2258==    by 0x486EA32: newterm_sp (in /usr/lib/x86_64-linux-gnu/libncurses.so.6.4)
==2258==    by 0x486ED07: newterm (in /usr/lib/x86_64-linux-gnu/libncurses.so.6.4)
==2258==    by 0x486AF3F: initscr (in /usr/lib/x86_64-linux-gnu/libncurses.so.6.4)
==2258==    by 0x1094C7: main (in /root/bin/view)
==2258== 
==2258== 24 bytes in 1 blocks are still reachable in loss record 25 of 97
==2258==    at 0x48407B4: malloc (vg_replace_malloc.c:381)
==2258==    by 0x49B9CD5: tsearch (tsearch.c:337)
==2258==    by 0x489B1F0: ??? (in /usr/lib/x86_64-linux-gnu/libtinfo.so.6.4)
==2258==    by 0x489E2C0: _nc_tiparm (in /usr/lib/x86_64-linux-gnu/libtinfo.so.6.4)
==2258==    by 0x486E378: ??? (in /usr/lib/x86_64-linux-gnu/libncurses.so.6.4)
==2258==    by 0x486EA32: newterm_sp (in /usr/lib/x86_64-linux-gnu/libncurses.so.6.4)
==2258==    by 0x486ED07: newterm (in /usr/lib/x86_64-linux-gnu/libncurses.so.6.4)
==2258==    by 0x486AF3F: initscr (in /usr/lib/x86_64-linux-gnu/libncurses.so.6.4)
==2258==    by 0x1094C7: main (in /root/bin/view)
==2258== 
==2258== 24 bytes in 1 blocks are still reachable in loss record 26 of 97
==2258==    at 0x48407B4: malloc (vg_replace_malloc.c:381)
==2258==    by 0x49B9CD5: tsearch (tsearch.c:337)
==2258==    by 0x489B1F0: ??? (in /usr/lib/x86_64-linux-gnu/libtinfo.so.6.4)
==2258==    by 0x489E2C0: _nc_tiparm (in /usr/lib/x86_64-linux-gnu/libtinfo.so.6.4)
==2258==    by 0x486E3C7: ??? (in /usr/lib/x86_64-linux-gnu/libncurses.so.6.4)
==2258==    by 0x486EA32: newterm_sp (in /usr/lib/x86_64-linux-gnu/libncurses.so.6.4)
==2258==    by 0x486ED07: newterm (in /usr/lib/x86_64-linux-gnu/libncurses.so.6.4)
==2258==    by 0x486AF3F: initscr (in /usr/lib/x86_64-linux-gnu/libncurses.so.6.4)
==2258==    by 0x1094C7: main (in /root/bin/view)
==2258== 
==2258== 24 bytes in 1 blocks are still reachable in loss record 27 of 97
==2258==    at 0x48407B4: malloc (vg_replace_malloc.c:381)
==2258==    by 0x49B9CD5: tsearch (tsearch.c:337)
==2258==    by 0x489B1F0: ??? (in /usr/lib/x86_64-linux-gnu/libtinfo.so.6.4)
==2258==    by 0x489E2C0: _nc_tiparm (in /usr/lib/x86_64-linux-gnu/libtinfo.so.6.4)
==2258==    by 0x486DE3E: ??? (in /usr/lib/x86_64-linux-gnu/libncurses.so.6.4)
==2258==    by 0x486EA32: newterm_sp (in /usr/lib/x86_64-linux-gnu/libncurses.so.6.4)
==2258==    by 0x486ED07: newterm (in /usr/lib/x86_64-linux-gnu/libncurses.so.6.4)
==2258==    by 0x486AF3F: initscr (in /usr/lib/x86_64-linux-gnu/libncurses.so.6.4)
==2258==    by 0x1094C7: main (in /root/bin/view)
==2258== 
==2258== 24 bytes in 1 blocks are still reachable in loss record 28 of 97
==2258==    at 0x48455EF: calloc (vg_replace_malloc.c:1328)
==2258==    by 0x4893EAE: _nc_add_to_try (in /usr/lib/x86_64-linux-gnu/libtinfo.so.6.4)
==2258==    by 0x4896E82: ??? (in /usr/lib/x86_64-linux-gnu/libtinfo.so.6.4)
==2258==    by 0x4898263: _nc_keypad (in /usr/lib/x86_64-linux-gnu/libtinfo.so.6.4)
==2258==    by 0x1094EF: main (in /root/bin/view)
==2258== 
==2258== 24 bytes in 1 blocks are still reachable in loss record 29 of 97
==2258==    at 0x48407B4: malloc (vg_replace_malloc.c:381)
==2258==    by 0x49B9CD5: tsearch (tsearch.c:337)
==2258==    by 0x489B1F0: ??? (in /usr/lib/x86_64-linux-gnu/libtinfo.so.6.4)
==2258==    by 0x489E2C0: _nc_tiparm (in /usr/lib/x86_64-linux-gnu/libtinfo.so.6.4)
==2258==    by 0x4866C96: ??? (in /usr/lib/x86_64-linux-gnu/libncurses.so.6.4)
==2258==    by 0x4867F59: ??? (in /usr/lib/x86_64-linux-gnu/libncurses.so.6.4)
==2258==    by 0x487A152: doupdate_sp (in /usr/lib/x86_64-linux-gnu/libncurses.so.6.4)
==2258==    by 0x48703E3: wrefresh (in /usr/lib/x86_64-linux-gnu/libncurses.so.6.4)
==2258==    by 0x10969A: main (in /root/bin/view)
==2258== 
==2258== 24 bytes in 1 blocks are still reachable in loss record 30 of 97
==2258==    at 0x48407B4: malloc (vg_replace_malloc.c:381)
==2258==    by 0x49B9CD5: tsearch (tsearch.c:337)
==2258==    by 0x489B1F0: ??? (in /usr/lib/x86_64-linux-gnu/libtinfo.so.6.4)
==2258==    by 0x489E2C0: _nc_tiparm (in /usr/lib/x86_64-linux-gnu/libtinfo.so.6.4)
==2258==    by 0x4866D06: ??? (in /usr/lib/x86_64-linux-gnu/libncurses.so.6.4)
==2258==    by 0x4867FA3: ??? (in /usr/lib/x86_64-linux-gnu/libncurses.so.6.4)
==2258==    by 0x487A152: doupdate_sp (in /usr/lib/x86_64-linux-gnu/libncurses.so.6.4)
==2258==    by 0x48703E3: wrefresh (in /usr/lib/x86_64-linux-gnu/libncurses.so.6.4)
==2258==    by 0x10969A: main (in /root/bin/view)
==2258== 
==2258== 24 bytes in 1 blocks are still reachable in loss record 31 of 97
==2258==    at 0x48407B4: malloc (vg_replace_malloc.c:381)
==2258==    by 0x49B9CD5: tsearch (tsearch.c:337)
==2258==    by 0x489B1F0: ??? (in /usr/lib/x86_64-linux-gnu/libtinfo.so.6.4)
==2258==    by 0x489E2C0: _nc_tiparm (in /usr/lib/x86_64-linux-gnu/libtinfo.so.6.4)
==2258==    by 0x487494C: vidputs_sp (in /usr/lib/x86_64-linux-gnu/libncurses.so.6.4)
==2258==    by 0x4877AD2: ??? (in /usr/lib/x86_64-linux-gnu/libncurses.so.6.4)
==2258==    by 0x48784E8: ??? (in /usr/lib/x86_64-linux-gnu/libncurses.so.6.4)
==2258==    by 0x4878E82: ??? (in /usr/lib/x86_64-linux-gnu/libncurses.so.6.4)
==2258==    by 0x4879ECD: doupdate_sp (in /usr/lib/x86_64-linux-gnu/libncurses.so.6.4)
==2258==    by 0x48703E3: wrefresh (in /usr/lib/x86_64-linux-gnu/libncurses.so.6.4)
==2258==    by 0x1096A6: main (in /root/bin/view)
==2258== 
==2258== 24 bytes in 1 blocks are possibly lost in loss record 32 of 97
==2258==    at 0x48407B4: malloc (vg_replace_malloc.c:381)
==2258==    by 0x49B9CD5: tsearch (tsearch.c:337)
==2258==    by 0x489B1F0: ??? (in /usr/lib/x86_64-linux-gnu/libtinfo.so.6.4)
==2258==    by 0x489E2C0: _nc_tiparm (in /usr/lib/x86_64-linux-gnu/libtinfo.so.6.4)
==2258==    by 0x486E087: ??? (in /usr/lib/x86_64-linux-gnu/libncurses.so.6.4)
==2258==    by 0x486EA32: newterm_sp (in /usr/lib/x86_64-linux-gnu/libncurses.so.6.4)
==2258==    by 0x486ED07: newterm (in /usr/lib/x86_64-linux-gnu/libncurses.so.6.4)
==2258==    by 0x486AF3F: initscr (in /usr/lib/x86_64-linux-gnu/libncurses.so.6.4)
==2258==    by 0x1094C7: main (in /root/bin/view)
==2258== 
==2258== 24 bytes in 1 blocks are possibly lost in loss record 33 of 97
==2258==    at 0x48407B4: malloc (vg_replace_malloc.c:381)
==2258==    by 0x49B9CD5: tsearch (tsearch.c:337)
==2258==    by 0x489B1F0: ??? (in /usr/lib/x86_64-linux-gnu/libtinfo.so.6.4)
==2258==    by 0x489E2C0: _nc_tiparm (in /usr/lib/x86_64-linux-gnu/libtinfo.so.6.4)
==2258==    by 0x486E0BD: ??? (in /usr/lib/x86_64-linux-gnu/libncurses.so.6.4)
==2258==    by 0x486EA32: newterm_sp (in /usr/lib/x86_64-linux-gnu/libncurses.so.6.4)
==2258==    by 0x486ED07: newterm (in /usr/lib/x86_64-linux-gnu/libncurses.so.6.4)
==2258==    by 0x486AF3F: initscr (in /usr/lib/x86_64-linux-gnu/libncurses.so.6.4)
==2258==    by 0x1094C7: main (in /root/bin/view)
==2258== 
==2258== 24 bytes in 1 blocks are possibly lost in loss record 34 of 97
==2258==    at 0x48407B4: malloc (vg_replace_malloc.c:381)
==2258==    by 0x49B9CD5: tsearch (tsearch.c:337)
==2258==    by 0x489B1F0: ??? (in /usr/lib/x86_64-linux-gnu/libtinfo.so.6.4)
==2258==    by 0x489E2C0: _nc_tiparm (in /usr/lib/x86_64-linux-gnu/libtinfo.so.6.4)
==2258==    by 0x486E0F3: ??? (in /usr/lib/x86_64-linux-gnu/libncurses.so.6.4)
==2258==    by 0x486EA32: newterm_sp (in /usr/lib/x86_64-linux-gnu/libncurses.so.6.4)
==2258==    by 0x486ED07: newterm (in /usr/lib/x86_64-linux-gnu/libncurses.so.6.4)
==2258==    by 0x486AF3F: initscr (in /usr/lib/x86_64-linux-gnu/libncurses.so.6.4)
==2258==    by 0x1094C7: main (in /root/bin/view)
==2258== 
==2258== 46 bytes in 1 blocks are still reachable in loss record 35 of 97
==2258==    at 0x484582F: realloc (vg_replace_malloc.c:1437)
==2258==    by 0x4896A42: _nc_doalloc (in /usr/lib/x86_64-linux-gnu/libtinfo.so.6.4)
==2258==    by 0x48A165F: _nc_read_termtype (in /usr/lib/x86_64-linux-gnu/libtinfo.so.6.4)
==2258==    by 0x48A1B1A: _nc_read_file_entry (in /usr/lib/x86_64-linux-gnu/libtinfo.so.6.4)
==2258==    by 0x48A1E7C: ??? (in /usr/lib/x86_64-linux-gnu/libtinfo.so.6.4)
==2258==    by 0x48A1FCB: _nc_read_entry2 (in /usr/lib/x86_64-linux-gnu/libtinfo.so.6.4)
==2258==    by 0x4899018: ??? (in /usr/lib/x86_64-linux-gnu/libtinfo.so.6.4)
==2258==    by 0x48993D5: _nc_setupterm (in /usr/lib/x86_64-linux-gnu/libtinfo.so.6.4)
==2258==    by 0x486E868: newterm_sp (in /usr/lib/x86_64-linux-gnu/libncurses.so.6.4)
==2258==    by 0x486ED07: newterm (in /usr/lib/x86_64-linux-gnu/libncurses.so.6.4)
==2258==    by 0x486AF3F: initscr (in /usr/lib/x86_64-linux-gnu/libncurses.so.6.4)
==2258==    by 0x1094C7: main (in /root/bin/view)
==2258== 
==2258== 46 bytes in 1 blocks are still reachable in loss record 36 of 97
==2258==    at 0x48407B4: malloc (vg_replace_malloc.c:381)
==2258==    by 0x48940BE: ??? (in /usr/lib/x86_64-linux-gnu/libtinfo.so.6.4)
==2258==    by 0x4899404: _nc_setupterm (in /usr/lib/x86_64-linux-gnu/libtinfo.so.6.4)
==2258==    by 0x486E868: newterm_sp (in /usr/lib/x86_64-linux-gnu/libncurses.so.6.4)
==2258==    by 0x486ED07: newterm (in /usr/lib/x86_64-linux-gnu/libncurses.so.6.4)
==2258==    by 0x486AF3F: initscr (in /usr/lib/x86_64-linux-gnu/libncurses.so.6.4)
==2258==    by 0x1094C7: main (in /root/bin/view)
==2258== 
==2258== 48 bytes in 1 blocks are still reachable in loss record 37 of 97
==2258==    at 0x48455EF: calloc (vg_replace_malloc.c:1328)
==2258==    by 0x48965CB: _nc_first_db (in /usr/lib/x86_64-linux-gnu/libtinfo.so.6.4)
==2258==    by 0x48A1FA6: _nc_read_entry2 (in /usr/lib/x86_64-linux-gnu/libtinfo.so.6.4)
==2258==    by 0x4899018: ??? (in /usr/lib/x86_64-linux-gnu/libtinfo.so.6.4)
==2258==    by 0x48993D5: _nc_setupterm (in /usr/lib/x86_64-linux-gnu/libtinfo.so.6.4)
==2258==    by 0x486E868: newterm_sp (in /usr/lib/x86_64-linux-gnu/libncurses.so.6.4)
==2258==    by 0x486ED07: newterm (in /usr/lib/x86_64-linux-gnu/libncurses.so.6.4)
==2258==    by 0x486AF3F: initscr (in /usr/lib/x86_64-linux-gnu/libncurses.so.6.4)
==2258==    by 0x1094C7: main (in /root/bin/view)
==2258== 
==2258== 64 bytes in 1 blocks are still reachable in loss record 38 of 97
==2258==    at 0x48455EF: calloc (vg_replace_malloc.c:1328)
==2258==    by 0x486EF59: ??? (in /usr/lib/x86_64-linux-gnu/libncurses.so.6.4)
==2258==    by 0x486F121: newwin_sp (in /usr/lib/x86_64-linux-gnu/libncurses.so.6.4)
==2258==    by 0x1095E1: main (in /root/bin/view)
==2258== 
==2258== 70 bytes in 1 blocks are still reachable in loss record 39 of 97
==2258==    at 0x484582F: realloc (vg_replace_malloc.c:1437)
==2258==    by 0x4896A42: _nc_doalloc (in /usr/lib/x86_64-linux-gnu/libtinfo.so.6.4)
==2258==    by 0x489E935: _nc_tiparm (in /usr/lib/x86_64-linux-gnu/libtinfo.so.6.4)
==2258==    by 0x486E051: ??? (in /usr/lib/x86_64-linux-gnu/libncurses.so.6.4)
==2258==    by 0x486EA32: newterm_sp (in /usr/lib/x86_64-linux-gnu/libncurses.so.6.4)
==2258==    by 0x486ED07: newterm (in /usr/lib/x86_64-linux-gnu/libncurses.so.6.4)
==2258==    by 0x486AF3F: initscr (in /usr/lib/x86_64-linux-gnu/libncurses.so.6.4)
==2258==    by 0x1094C7: main (in /root/bin/view)
==2258== 
==2258== 78 bytes in 1 blocks are still reachable in loss record 40 of 97
==2258==    at 0x48407B4: malloc (vg_replace_malloc.c:381)
==2258==    by 0x48941FD: ??? (in /usr/lib/x86_64-linux-gnu/libtinfo.so.6.4)
==2258==    by 0x4899404: _nc_setupterm (in /usr/lib/x86_64-linux-gnu/libtinfo.so.6.4)
==2258==    by 0x486E868: newterm_sp (in /usr/lib/x86_64-linux-gnu/libncurses.so.6.4)
==2258==    by 0x486ED07: newterm (in /usr/lib/x86_64-linux-gnu/libncurses.so.6.4)
==2258==    by 0x486AF3F: initscr (in /usr/lib/x86_64-linux-gnu/libncurses.so.6.4)
==2258==    by 0x1094C7: main (in /root/bin/view)
==2258== 
==2258== 87 bytes in 1 blocks are still reachable in loss record 41 of 97
==2258==    at 0x48407B4: malloc (vg_replace_malloc.c:381)
==2258==    by 0x4896530: _nc_first_db (in /usr/lib/x86_64-linux-gnu/libtinfo.so.6.4)
==2258==    by 0x48A1FA6: _nc_read_entry2 (in /usr/lib/x86_64-linux-gnu/libtinfo.so.6.4)
==2258==    by 0x4899018: ??? (in /usr/lib/x86_64-linux-gnu/libtinfo.so.6.4)
==2258==    by 0x48993D5: _nc_setupterm (in /usr/lib/x86_64-linux-gnu/libtinfo.so.6.4)
==2258==    by 0x486E868: newterm_sp (in /usr/lib/x86_64-linux-gnu/libncurses.so.6.4)
==2258==    by 0x486ED07: newterm (in /usr/lib/x86_64-linux-gnu/libncurses.so.6.4)
==2258==    by 0x486AF3F: initscr (in /usr/lib/x86_64-linux-gnu/libncurses.so.6.4)
==2258==    by 0x1094C7: main (in /root/bin/view)
==2258== 
==2258== 93 bytes in 1 blocks are still reachable in loss record 42 of 97
==2258==    at 0x48407B4: malloc (vg_replace_malloc.c:381)
==2258==    by 0x49558E9: strdup (strdup.c:42)
==2258==    by 0x489B1D5: ??? (in /usr/lib/x86_64-linux-gnu/libtinfo.so.6.4)
==2258==    by 0x489E2C0: _nc_tiparm (in /usr/lib/x86_64-linux-gnu/libtinfo.so.6.4)
==2258==    by 0x487494C: vidputs_sp (in /usr/lib/x86_64-linux-gnu/libncurses.so.6.4)
==2258==    by 0x4877AD2: ??? (in /usr/lib/x86_64-linux-gnu/libncurses.so.6.4)
==2258==    by 0x48784E8: ??? (in /usr/lib/x86_64-linux-gnu/libncurses.so.6.4)
==2258==    by 0x4878E82: ??? (in /usr/lib/x86_64-linux-gnu/libncurses.so.6.4)
==2258==    by 0x4879ECD: doupdate_sp (in /usr/lib/x86_64-linux-gnu/libncurses.so.6.4)
==2258==    by 0x48703E3: wrefresh (in /usr/lib/x86_64-linux-gnu/libncurses.so.6.4)
==2258==    by 0x1096A6: main (in /root/bin/view)
==2258== 
==2258== 104 bytes in 1 blocks are still reachable in loss record 43 of 97
==2258==    at 0x48455EF: calloc (vg_replace_malloc.c:1328)
==2258==    by 0x486EF3A: ??? (in /usr/lib/x86_64-linux-gnu/libncurses.so.6.4)
==2258==    by 0x486F121: newwin_sp (in /usr/lib/x86_64-linux-gnu/libncurses.so.6.4)
==2258==    by 0x48728B0: ??? (in /usr/lib/x86_64-linux-gnu/libncurses.so.6.4)
==2258==    by 0x486E8B3: newterm_sp (in /usr/lib/x86_64-linux-gnu/libncurses.so.6.4)
==2258==    by 0x486ED07: newterm (in /usr/lib/x86_64-linux-gnu/libncurses.so.6.4)
==2258==    by 0x486AF3F: initscr (in /usr/lib/x86_64-linux-gnu/libncurses.so.6.4)
==2258==    by 0x1094C7: main (in /root/bin/view)
==2258== 
==2258== 104 bytes in 1 blocks are still reachable in loss record 44 of 97
==2258==    at 0x48455EF: calloc (vg_replace_malloc.c:1328)
==2258==    by 0x486EF3A: ??? (in /usr/lib/x86_64-linux-gnu/libncurses.so.6.4)
==2258==    by 0x486F121: newwin_sp (in /usr/lib/x86_64-linux-gnu/libncurses.so.6.4)
==2258==    by 0x48728D5: ??? (in /usr/lib/x86_64-linux-gnu/libncurses.so.6.4)
==2258==    by 0x486E8B3: newterm_sp (in /usr/lib/x86_64-linux-gnu/libncurses.so.6.4)
==2258==    by 0x486ED07: newterm (in /usr/lib/x86_64-linux-gnu/libncurses.so.6.4)
==2258==    by 0x486AF3F: initscr (in /usr/lib/x86_64-linux-gnu/libncurses.so.6.4)
==2258==    by 0x1094C7: main (in /root/bin/view)
==2258== 
==2258== 104 bytes in 1 blocks are still reachable in loss record 45 of 97
==2258==    at 0x48455EF: calloc (vg_replace_malloc.c:1328)
==2258==    by 0x486EF3A: ??? (in /usr/lib/x86_64-linux-gnu/libncurses.so.6.4)
==2258==    by 0x486F121: newwin_sp (in /usr/lib/x86_64-linux-gnu/libncurses.so.6.4)
==2258==    by 0x4872A4B: ??? (in /usr/lib/x86_64-linux-gnu/libncurses.so.6.4)
==2258==    by 0x486E8B3: newterm_sp (in /usr/lib/x86_64-linux-gnu/libncurses.so.6.4)
==2258==    by 0x486ED07: newterm (in /usr/lib/x86_64-linux-gnu/libncurses.so.6.4)
==2258==    by 0x486AF3F: initscr (in /usr/lib/x86_64-linux-gnu/libncurses.so.6.4)
==2258==    by 0x1094C7: main (in /root/bin/view)
==2258== 
==2258== 104 bytes in 1 blocks are still reachable in loss record 46 of 97
==2258==    at 0x48455EF: calloc (vg_replace_malloc.c:1328)
==2258==    by 0x486EF3A: ??? (in /usr/lib/x86_64-linux-gnu/libncurses.so.6.4)
==2258==    by 0x486F121: newwin_sp (in /usr/lib/x86_64-linux-gnu/libncurses.so.6.4)
==2258==    by 0x1095E1: main (in /root/bin/view)
==2258== 
==2258== 104 bytes in 1 blocks are still reachable in loss record 47 of 97
==2258==    at 0x48455EF: calloc (vg_replace_malloc.c:1328)
==2258==    by 0x486EF3A: ??? (in /usr/lib/x86_64-linux-gnu/libncurses.so.6.4)
==2258==    by 0x486F121: newwin_sp (in /usr/lib/x86_64-linux-gnu/libncurses.so.6.4)
==2258==    by 0x1095F8: main (in /root/bin/view)
==2258== 
==2258== 108 bytes in 1 blocks are still reachable in loss record 48 of 97
==2258==    at 0x48407B4: malloc (vg_replace_malloc.c:381)
==2258==    by 0x4864006: ??? (in /usr/lib/x86_64-linux-gnu/libncurses.so.6.4)
==2258==    by 0x487A093: doupdate_sp (in /usr/lib/x86_64-linux-gnu/libncurses.so.6.4)
==2258==    by 0x48703E3: wrefresh (in /usr/lib/x86_64-linux-gnu/libncurses.so.6.4)
==2258==    by 0x1096A6: main (in /root/bin/view)
==2258== 
==2258== 128 bytes in 1 blocks are still reachable in loss record 49 of 97
==2258==    at 0x48455EF: calloc (vg_replace_malloc.c:1328)
==2258==    by 0x48724E0: ??? (in /usr/lib/x86_64-linux-gnu/libncurses.so.6.4)
==2258==    by 0x486E8B3: newterm_sp (in /usr/lib/x86_64-linux-gnu/libncurses.so.6.4)
==2258==    by 0x486ED07: newterm (in /usr/lib/x86_64-linux-gnu/libncurses.so.6.4)
==2258==    by 0x486AF3F: initscr (in /usr/lib/x86_64-linux-gnu/libncurses.so.6.4)
==2258==    by 0x1094C7: main (in /root/bin/view)
==2258== 
==2258== 133 bytes in 1 blocks are still reachable in loss record 50 of 97
==2258==    at 0x484582F: realloc (vg_replace_malloc.c:1437)
==2258==    by 0x4896A42: _nc_doalloc (in /usr/lib/x86_64-linux-gnu/libtinfo.so.6.4)
==2258==    by 0x489ADC0: _nc_tparm_analyze (in /usr/lib/x86_64-linux-gnu/libtinfo.so.6.4)
==2258==    by 0x489B0E2: ??? (in /usr/lib/x86_64-linux-gnu/libtinfo.so.6.4)
==2258==    by 0x489E2C0: _nc_tiparm (in /usr/lib/x86_64-linux-gnu/libtinfo.so.6.4)
==2258==    by 0x487494C: vidputs_sp (in /usr/lib/x86_64-linux-gnu/libncurses.so.6.4)
==2258==    by 0x4877AD2: ??? (in /usr/lib/x86_64-linux-gnu/libncurses.so.6.4)
==2258==    by 0x48784E8: ??? (in /usr/lib/x86_64-linux-gnu/libncurses.so.6.4)
==2258==    by 0x4878E82: ??? (in /usr/lib/x86_64-linux-gnu/libncurses.so.6.4)
==2258==    by 0x4879ECD: doupdate_sp (in /usr/lib/x86_64-linux-gnu/libncurses.so.6.4)
==2258==    by 0x48703E3: wrefresh (in /usr/lib/x86_64-linux-gnu/libncurses.so.6.4)
==2258==    by 0x1096A6: main (in /root/bin/view)
==2258== 
==2258== 156 bytes in 1 blocks are still reachable in loss record 51 of 97
==2258==    at 0x484582F: realloc (vg_replace_malloc.c:1437)
==2258==    by 0x4896A42: _nc_doalloc (in /usr/lib/x86_64-linux-gnu/libtinfo.so.6.4)
==2258==    by 0x48A167D: _nc_read_termtype (in /usr/lib/x86_64-linux-gnu/libtinfo.so.6.4)
==2258==    by 0x48A1B1A: _nc_read_file_entry (in /usr/lib/x86_64-linux-gnu/libtinfo.so.6.4)
==2258==    by 0x48A1E7C: ??? (in /usr/lib/x86_64-linux-gnu/libtinfo.so.6.4)
==2258==    by 0x48A1FCB: _nc_read_entry2 (in /usr/lib/x86_64-linux-gnu/libtinfo.so.6.4)
==2258==    by 0x4899018: ??? (in /usr/lib/x86_64-linux-gnu/libtinfo.so.6.4)
==2258==    by 0x48993D5: _nc_setupterm (in /usr/lib/x86_64-linux-gnu/libtinfo.so.6.4)
==2258==    by 0x486E868: newterm_sp (in /usr/lib/x86_64-linux-gnu/libncurses.so.6.4)
==2258==    by 0x486ED07: newterm (in /usr/lib/x86_64-linux-gnu/libncurses.so.6.4)
==2258==    by 0x486AF3F: initscr (in /usr/lib/x86_64-linux-gnu/libncurses.so.6.4)
==2258==    by 0x1094C7: main (in /root/bin/view)
==2258== 
==2258== 168 bytes in 1 blocks are still reachable in loss record 52 of 97
==2258==    at 0x48455EF: calloc (vg_replace_malloc.c:1328)
==2258==    by 0x489B14E: ??? (in /usr/lib/x86_64-linux-gnu/libtinfo.so.6.4)
==2258==    by 0x489E2C0: _nc_tiparm (in /usr/lib/x86_64-linux-gnu/libtinfo.so.6.4)
==2258==    by 0x486E051: ??? (in /usr/lib/x86_64-linux-gnu/libncurses.so.6.4)
==2258==    by 0x486EA32: newterm_sp (in /usr/lib/x86_64-linux-gnu/libncurses.so.6.4)
==2258==    by 0x486ED07: newterm (in /usr/lib/x86_64-linux-gnu/libncurses.so.6.4)
==2258==    by 0x486AF3F: initscr (in /usr/lib/x86_64-linux-gnu/libncurses.so.6.4)
==2258==    by 0x1094C7: main (in /root/bin/view)
==2258== 
==2258== 168 bytes in 1 blocks are still reachable in loss record 53 of 97
==2258==    at 0x48455EF: calloc (vg_replace_malloc.c:1328)
==2258==    by 0x489B14E: ??? (in /usr/lib/x86_64-linux-gnu/libtinfo.so.6.4)
==2258==    by 0x489E2C0: _nc_tiparm (in /usr/lib/x86_64-linux-gnu/libtinfo.so.6.4)
==2258==    by 0x486E129: ??? (in /usr/lib/x86_64-linux-gnu/libncurses.so.6.4)
==2258==    by 0x486EA32: newterm_sp (in /usr/lib/x86_64-linux-gnu/libncurses.so.6.4)
==2258==    by 0x486ED07: newterm (in /usr/lib/x86_64-linux-gnu/libncurses.so.6.4)
==2258==    by 0x486AF3F: initscr (in /usr/lib/x86_64-linux-gnu/libncurses.so.6.4)
==2258==    by 0x1094C7: main (in /root/bin/view)
==2258== 
==2258== 168 bytes in 1 blocks are still reachable in loss record 54 of 97
==2258==    at 0x48455EF: calloc (vg_replace_malloc.c:1328)
==2258==    by 0x489B14E: ??? (in /usr/lib/x86_64-linux-gnu/libtinfo.so.6.4)
==2258==    by 0x489E2C0: _nc_tiparm (in /usr/lib/x86_64-linux-gnu/libtinfo.so.6.4)
==2258==    by 0x486E15C: ??? (in /usr/lib/x86_64-linux-gnu/libncurses.so.6.4)
==2258==    by 0x486EA32: newterm_sp (in /usr/lib/x86_64-linux-gnu/libncurses.so.6.4)
==2258==    by 0x486ED07: newterm (in /usr/lib/x86_64-linux-gnu/libncurses.so.6.4)
==2258==    by 0x486AF3F: initscr (in /usr/lib/x86_64-linux-gnu/libncurses.so.6.4)
==2258==    by 0x1094C7: main (in /root/bin/view)
==2258== 
==2258== 168 bytes in 1 blocks are still reachable in loss record 55 of 97
==2258==    at 0x48455EF: calloc (vg_replace_malloc.c:1328)
==2258==    by 0x489B14E: ??? (in /usr/lib/x86_64-linux-gnu/libtinfo.so.6.4)
==2258==    by 0x489E2C0: _nc_tiparm (in /usr/lib/x86_64-linux-gnu/libtinfo.so.6.4)
==2258==    by 0x486E192: ??? (in /usr/lib/x86_64-linux-gnu/libncurses.so.6.4)
==2258==    by 0x486EA32: newterm_sp (in /usr/lib/x86_64-linux-gnu/libncurses.so.6.4)
==2258==    by 0x486ED07: newterm (in /usr/lib/x86_64-linux-gnu/libncurses.so.6.4)
==2258==    by 0x486AF3F: initscr (in /usr/lib/x86_64-linux-gnu/libncurses.so.6.4)
==2258==    by 0x1094C7: main (in /root/bin/view)
==2258== 
==2258== 168 bytes in 1 blocks are still reachable in loss record 56 of 97
==2258==    at 0x48455EF: calloc (vg_replace_malloc.c:1328)
==2258==    by 0x489B14E: ??? (in /usr/lib/x86_64-linux-gnu/libtinfo.so.6.4)
==2258==    by 0x489E2C0: _nc_tiparm (in /usr/lib/x86_64-linux-gnu/libtinfo.so.6.4)
==2258==    by 0x486E2E4: ??? (in /usr/lib/x86_64-linux-gnu/libncurses.so.6.4)
==2258==    by 0x486EA32: newterm_sp (in /usr/lib/x86_64-linux-gnu/libncurses.so.6.4)
==2258==    by 0x486ED07: newterm (in /usr/lib/x86_64-linux-gnu/libncurses.so.6.4)
==2258==    by 0x486AF3F: initscr (in /usr/lib/x86_64-linux-gnu/libncurses.so.6.4)
==2258==    by 0x1094C7: main (in /root/bin/view)
==2258== 
==2258== 168 bytes in 1 blocks are still reachable in loss record 57 of 97
==2258==    at 0x48455EF: calloc (vg_replace_malloc.c:1328)
==2258==    by 0x489B14E: ??? (in /usr/lib/x86_64-linux-gnu/libtinfo.so.6.4)
==2258==    by 0x489E2C0: _nc_tiparm (in /usr/lib/x86_64-linux-gnu/libtinfo.so.6.4)
==2258==    by 0x486E32E: ??? (in /usr/lib/x86_64-linux-gnu/libncurses.so.6.4)
==2258==    by 0x486EA32: newterm_sp (in /usr/lib/x86_64-linux-gnu/libncurses.so.6.4)
==2258==    by 0x486ED07: newterm (in /usr/lib/x86_64-linux-gnu/libncurses.so.6.4)
==2258==    by 0x486AF3F: initscr (in /usr/lib/x86_64-linux-gnu/libncurses.so.6.4)
==2258==    by 0x1094C7: main (in /root/bin/view)
==2258== 
==2258== 168 bytes in 1 blocks are still reachable in loss record 58 of 97
==2258==    at 0x48455EF: calloc (vg_replace_malloc.c:1328)
==2258==    by 0x489B14E: ??? (in /usr/lib/x86_64-linux-gnu/libtinfo.so.6.4)
==2258==    by 0x489E2C0: _nc_tiparm (in /usr/lib/x86_64-linux-gnu/libtinfo.so.6.4)
==2258==    by 0x486E378: ??? (in /usr/lib/x86_64-linux-gnu/libncurses.so.6.4)
==2258==    by 0x486EA32: newterm_sp (in /usr/lib/x86_64-linux-gnu/libncurses.so.6.4)
==2258==    by 0x486ED07: newterm (in /usr/lib/x86_64-linux-gnu/libncurses.so.6.4)
==2258==    by 0x486AF3F: initscr (in /usr/lib/x86_64-linux-gnu/libncurses.so.6.4)
==2258==    by 0x1094C7: main (in /root/bin/view)
==2258== 
==2258== 168 bytes in 1 blocks are still reachable in loss record 59 of 97
==2258==    at 0x48455EF: calloc (vg_replace_malloc.c:1328)
==2258==    by 0x489B14E: ??? (in /usr/lib/x86_64-linux-gnu/libtinfo.so.6.4)
==2258==    by 0x489E2C0: _nc_tiparm (in /usr/lib/x86_64-linux-gnu/libtinfo.so.6.4)
==2258==    by 0x486E3C7: ??? (in /usr/lib/x86_64-linux-gnu/libncurses.so.6.4)
==2258==    by 0x486EA32: newterm_sp (in /usr/lib/x86_64-linux-gnu/libncurses.so.6.4)
==2258==    by 0x486ED07: newterm (in /usr/lib/x86_64-linux-gnu/libncurses.so.6.4)
==2258==    by 0x486AF3F: initscr (in /usr/lib/x86_64-linux-gnu/libncurses.so.6.4)
==2258==    by 0x1094C7: main (in /root/bin/view)
==2258== 
==2258== 168 bytes in 1 blocks are still reachable in loss record 60 of 97
==2258==    at 0x48455EF: calloc (vg_replace_malloc.c:1328)
==2258==    by 0x489B14E: ??? (in /usr/lib/x86_64-linux-gnu/libtinfo.so.6.4)
==2258==    by 0x489E2C0: _nc_tiparm (in /usr/lib/x86_64-linux-gnu/libtinfo.so.6.4)
==2258==    by 0x486DE3E: ??? (in /usr/lib/x86_64-linux-gnu/libncurses.so.6.4)
==2258==    by 0x486EA32: newterm_sp (in /usr/lib/x86_64-linux-gnu/libncurses.so.6.4)
==2258==    by 0x486ED07: newterm (in /usr/lib/x86_64-linux-gnu/libncurses.so.6.4)
==2258==    by 0x486AF3F: initscr (in /usr/lib/x86_64-linux-gnu/libncurses.so.6.4)
==2258==    by 0x1094C7: main (in /root/bin/view)
==2258== 
==2258== 168 bytes in 1 blocks are still reachable in loss record 61 of 97
==2258==    at 0x48455EF: calloc (vg_replace_malloc.c:1328)
==2258==    by 0x489B14E: ??? (in /usr/lib/x86_64-linux-gnu/libtinfo.so.6.4)
==2258==    by 0x489E2C0: _nc_tiparm (in /usr/lib/x86_64-linux-gnu/libtinfo.so.6.4)
==2258==    by 0x4866C96: ??? (in /usr/lib/x86_64-linux-gnu/libncurses.so.6.4)
==2258==    by 0x4867F59: ??? (in /usr/lib/x86_64-linux-gnu/libncurses.so.6.4)
==2258==    by 0x487A152: doupdate_sp (in /usr/lib/x86_64-linux-gnu/libncurses.so.6.4)
==2258==    by 0x48703E3: wrefresh (in /usr/lib/x86_64-linux-gnu/libncurses.so.6.4)
==2258==    by 0x10969A: main (in /root/bin/view)
==2258== 
==2258== 168 bytes in 1 blocks are still reachable in loss record 62 of 97
==2258==    at 0x48455EF: calloc (vg_replace_malloc.c:1328)
==2258==    by 0x489B14E: ??? (in /usr/lib/x86_64-linux-gnu/libtinfo.so.6.4)
==2258==    by 0x489E2C0: _nc_tiparm (in /usr/lib/x86_64-linux-gnu/libtinfo.so.6.4)
==2258==    by 0x4866D06: ??? (in /usr/lib/x86_64-linux-gnu/libncurses.so.6.4)
==2258==    by 0x4867FA3: ??? (in /usr/lib/x86_64-linux-gnu/libncurses.so.6.4)
==2258==    by 0x487A152: doupdate_sp (in /usr/lib/x86_64-linux-gnu/libncurses.so.6.4)
==2258==    by 0x48703E3: wrefresh (in /usr/lib/x86_64-linux-gnu/libncurses.so.6.4)
==2258==    by 0x10969A: main (in /root/bin/view)
==2258== 
==2258== 168 bytes in 1 blocks are still reachable in loss record 63 of 97
==2258==    at 0x48455EF: calloc (vg_replace_malloc.c:1328)
==2258==    by 0x489B14E: ??? (in /usr/lib/x86_64-linux-gnu/libtinfo.so.6.4)
==2258==    by 0x489E2C0: _nc_tiparm (in /usr/lib/x86_64-linux-gnu/libtinfo.so.6.4)
==2258==    by 0x487494C: vidputs_sp (in /usr/lib/x86_64-linux-gnu/libncurses.so.6.4)
==2258==    by 0x4877AD2: ??? (in /usr/lib/x86_64-linux-gnu/libncurses.so.6.4)
==2258==    by 0x48784E8: ??? (in /usr/lib/x86_64-linux-gnu/libncurses.so.6.4)
==2258==    by 0x4878E82: ??? (in /usr/lib/x86_64-linux-gnu/libncurses.so.6.4)
==2258==    by 0x4879ECD: doupdate_sp (in /usr/lib/x86_64-linux-gnu/libncurses.so.6.4)
==2258==    by 0x48703E3: wrefresh (in /usr/lib/x86_64-linux-gnu/libncurses.so.6.4)
==2258==    by 0x1096A6: main (in /root/bin/view)
==2258== 
==2258== 168 bytes in 1 blocks are possibly lost in loss record 64 of 97
==2258==    at 0x48455EF: calloc (vg_replace_malloc.c:1328)
==2258==    by 0x489B14E: ??? (in /usr/lib/x86_64-linux-gnu/libtinfo.so.6.4)
==2258==    by 0x489E2C0: _nc_tiparm (in /usr/lib/x86_64-linux-gnu/libtinfo.so.6.4)
==2258==    by 0x486E087: ??? (in /usr/lib/x86_64-linux-gnu/libncurses.so.6.4)
==2258==    by 0x486EA32: newterm_sp (in /usr/lib/x86_64-linux-gnu/libncurses.so.6.4)
==2258==    by 0x486ED07: newterm (in /usr/lib/x86_64-linux-gnu/libncurses.so.6.4)
==2258==    by 0x486AF3F: initscr (in /usr/lib/x86_64-linux-gnu/libncurses.so.6.4)
==2258==    by 0x1094C7: main (in /root/bin/view)
==2258== 
==2258== 168 bytes in 1 blocks are possibly lost in loss record 65 of 97
==2258==    at 0x48455EF: calloc (vg_replace_malloc.c:1328)
==2258==    by 0x489B14E: ??? (in /usr/lib/x86_64-linux-gnu/libtinfo.so.6.4)
==2258==    by 0x489E2C0: _nc_tiparm (in /usr/lib/x86_64-linux-gnu/libtinfo.so.6.4)
==2258==    by 0x486E0BD: ??? (in /usr/lib/x86_64-linux-gnu/libncurses.so.6.4)
==2258==    by 0x486EA32: newterm_sp (in /usr/lib/x86_64-linux-gnu/libncurses.so.6.4)
==2258==    by 0x486ED07: newterm (in /usr/lib/x86_64-linux-gnu/libncurses.so.6.4)
==2258==    by 0x486AF3F: initscr (in /usr/lib/x86_64-linux-gnu/libncurses.so.6.4)
==2258==    by 0x1094C7: main (in /root/bin/view)
==2258== 
==2258== 168 bytes in 1 blocks are possibly lost in loss record 66 of 97
==2258==    at 0x48455EF: calloc (vg_replace_malloc.c:1328)
==2258==    by 0x489B14E: ??? (in /usr/lib/x86_64-linux-gnu/libtinfo.so.6.4)
==2258==    by 0x489E2C0: _nc_tiparm (in /usr/lib/x86_64-linux-gnu/libtinfo.so.6.4)
==2258==    by 0x486E0F3: ??? (in /usr/lib/x86_64-linux-gnu/libncurses.so.6.4)
==2258==    by 0x486EA32: newterm_sp (in /usr/lib/x86_64-linux-gnu/libncurses.so.6.4)
==2258==    by 0x486ED07: newterm (in /usr/lib/x86_64-linux-gnu/libncurses.so.6.4)
==2258==    by 0x486AF3F: initscr (in /usr/lib/x86_64-linux-gnu/libncurses.so.6.4)
==2258==    by 0x1094C7: main (in /root/bin/view)
==2258== 
==2258== 192 bytes in 1 blocks are still reachable in loss record 67 of 97
==2258==    at 0x48455EF: calloc (vg_replace_malloc.c:1328)
==2258==    by 0x486EF59: ??? (in /usr/lib/x86_64-linux-gnu/libncurses.so.6.4)
==2258==    by 0x486F121: newwin_sp (in /usr/lib/x86_64-linux-gnu/libncurses.so.6.4)
==2258==    by 0x1095F8: main (in /root/bin/view)
==2258== 
==2258== 216 bytes in 1 blocks are still reachable in loss record 68 of 97
==2258==    at 0x48455EF: calloc (vg_replace_malloc.c:1328)
==2258==    by 0x4864C38: ??? (in /usr/lib/x86_64-linux-gnu/libncurses.so.6.4)
==2258==    by 0x4863F44: ??? (in /usr/lib/x86_64-linux-gnu/libncurses.so.6.4)
==2258==    by 0x487A093: doupdate_sp (in /usr/lib/x86_64-linux-gnu/libncurses.so.6.4)
==2258==    by 0x48703E3: wrefresh (in /usr/lib/x86_64-linux-gnu/libncurses.so.6.4)
==2258==    by 0x1096A6: main (in /root/bin/view)
==2258== 
==2258== 216 bytes in 1 blocks are still reachable in loss record 69 of 97
==2258==    at 0x48455EF: calloc (vg_replace_malloc.c:1328)
==2258==    by 0x4864B9D: ??? (in /usr/lib/x86_64-linux-gnu/libncurses.so.6.4)
==2258==    by 0x4863F44: ??? (in /usr/lib/x86_64-linux-gnu/libncurses.so.6.4)
==2258==    by 0x487A093: doupdate_sp (in /usr/lib/x86_64-linux-gnu/libncurses.so.6.4)
==2258==    by 0x48703E3: wrefresh (in /usr/lib/x86_64-linux-gnu/libncurses.so.6.4)
==2258==    by 0x1096A6: main (in /root/bin/view)
==2258== 
==2258== 224 bytes in 1 blocks are still reachable in loss record 70 of 97
==2258==    at 0x48455EF: calloc (vg_replace_malloc.c:1328)
==2258==    by 0x4867103: start_color_sp (in /usr/lib/x86_64-linux-gnu/libncurses.so.6.4)
==2258==    by 0x109740: init_player_colors (in /root/bin/view)
==2258==    by 0x1094F4: main (in /root/bin/view)
==2258== 
==2258== 256 bytes in 1 blocks are still reachable in loss record 71 of 97
==2258==    at 0x48455EF: calloc (vg_replace_malloc.c:1328)
==2258==    by 0x4866F9C: ??? (in /usr/lib/x86_64-linux-gnu/libncurses.so.6.4)
==2258==    by 0x48670C9: start_color_sp (in /usr/lib/x86_64-linux-gnu/libncurses.so.6.4)
==2258==    by 0x109740: init_player_colors (in /root/bin/view)
==2258==    by 0x1094F4: main (in /root/bin/view)
==2258== 
==2258== 432 bytes in 1 blocks are still reachable in loss record 72 of 97
==2258==    at 0x48455EF: calloc (vg_replace_malloc.c:1328)
==2258==    by 0x486EF59: ??? (in /usr/lib/x86_64-linux-gnu/libncurses.so.6.4)
==2258==    by 0x486F121: newwin_sp (in /usr/lib/x86_64-linux-gnu/libncurses.so.6.4)
==2258==    by 0x48728B0: ??? (in /usr/lib/x86_64-linux-gnu/libncurses.so.6.4)
==2258==    by 0x486E8B3: newterm_sp (in /usr/lib/x86_64-linux-gnu/libncurses.so.6.4)
==2258==    by 0x486ED07: newterm (in /usr/lib/x86_64-linux-gnu/libncurses.so.6.4)
==2258==    by 0x486AF3F: initscr (in /usr/lib/x86_64-linux-gnu/libncurses.so.6.4)
==2258==    by 0x1094C7: main (in /root/bin/view)
==2258== 
==2258== 432 bytes in 1 blocks are still reachable in loss record 73 of 97
==2258==    at 0x48455EF: calloc (vg_replace_malloc.c:1328)
==2258==    by 0x486EF59: ??? (in /usr/lib/x86_64-linux-gnu/libncurses.so.6.4)
==2258==    by 0x486F121: newwin_sp (in /usr/lib/x86_64-linux-gnu/libncurses.so.6.4)
==2258==    by 0x48728D5: ??? (in /usr/lib/x86_64-linux-gnu/libncurses.so.6.4)
==2258==    by 0x486E8B3: newterm_sp (in /usr/lib/x86_64-linux-gnu/libncurses.so.6.4)
==2258==    by 0x486ED07: newterm (in /usr/lib/x86_64-linux-gnu/libncurses.so.6.4)
==2258==    by 0x486AF3F: initscr (in /usr/lib/x86_64-linux-gnu/libncurses.so.6.4)
==2258==    by 0x1094C7: main (in /root/bin/view)
==2258== 
==2258== 432 bytes in 1 blocks are still reachable in loss record 74 of 97
==2258==    at 0x48455EF: calloc (vg_replace_malloc.c:1328)
==2258==    by 0x486EF59: ??? (in /usr/lib/x86_64-linux-gnu/libncurses.so.6.4)
==2258==    by 0x486F121: newwin_sp (in /usr/lib/x86_64-linux-gnu/libncurses.so.6.4)
==2258==    by 0x4872A4B: ??? (in /usr/lib/x86_64-linux-gnu/libncurses.so.6.4)
==2258==    by 0x486E8B3: newterm_sp (in /usr/lib/x86_64-linux-gnu/libncurses.so.6.4)
==2258==    by 0x486ED07: newterm (in /usr/lib/x86_64-linux-gnu/libncurses.so.6.4)
==2258==    by 0x486AF3F: initscr (in /usr/lib/x86_64-linux-gnu/libncurses.so.6.4)
==2258==    by 0x1094C7: main (in /root/bin/view)
==2258== 
==2258== 504 bytes in 21 blocks are still reachable in loss record 75 of 97
==2258==    at 0x48455EF: calloc (vg_replace_malloc.c:1328)
==2258==    by 0x4893E11: _nc_add_to_try (in /usr/lib/x86_64-linux-gnu/libtinfo.so.6.4)
==2258==    by 0x4896F63: ??? (in /usr/lib/x86_64-linux-gnu/libtinfo.so.6.4)
==2258==    by 0x4898263: _nc_keypad (in /usr/lib/x86_64-linux-gnu/libtinfo.so.6.4)
==2258==    by 0x1094EF: main (in /root/bin/view)
==2258== 
==2258== 512 bytes in 1 blocks are still reachable in loss record 76 of 97
==2258==    at 0x48455EF: calloc (vg_replace_malloc.c:1328)
==2258==    by 0x48724BE: ??? (in /usr/lib/x86_64-linux-gnu/libncurses.so.6.4)
==2258==    by 0x486E8B3: newterm_sp (in /usr/lib/x86_64-linux-gnu/libncurses.so.6.4)
==2258==    by 0x486ED07: newterm (in /usr/lib/x86_64-linux-gnu/libncurses.so.6.4)
==2258==    by 0x486AF3F: initscr (in /usr/lib/x86_64-linux-gnu/libncurses.so.6.4)
==2258==    by 0x1094C7: main (in /root/bin/view)
==2258== 
==2258== 640 bytes in 1 blocks are still reachable in loss record 77 of 97
==2258==    at 0x48455EF: calloc (vg_replace_malloc.c:1328)
==2258==    by 0x48A1959: _nc_read_termtype (in /usr/lib/x86_64-linux-gnu/libtinfo.so.6.4)
==2258==    by 0x48A1B1A: _nc_read_file_entry (in /usr/lib/x86_64-linux-gnu/libtinfo.so.6.4)
==2258==    by 0x48A1E7C: ??? (in /usr/lib/x86_64-linux-gnu/libtinfo.so.6.4)
==2258==    by 0x48A1FCB: _nc_read_entry2 (in /usr/lib/x86_64-linux-gnu/libtinfo.so.6.4)
==2258==    by 0x4899018: ??? (in /usr/lib/x86_64-linux-gnu/libtinfo.so.6.4)
==2258==    by 0x48993D5: _nc_setupterm (in /usr/lib/x86_64-linux-gnu/libtinfo.so.6.4)
==2258==    by 0x486E868: newterm_sp (in /usr/lib/x86_64-linux-gnu/libncurses.so.6.4)
==2258==    by 0x486ED07: newterm (in /usr/lib/x86_64-linux-gnu/libncurses.so.6.4)
==2258==    by 0x486AF3F: initscr (in /usr/lib/x86_64-linux-gnu/libncurses.so.6.4)
==2258==    by 0x1094C7: main (in /root/bin/view)
==2258== 
==2258== 640 bytes in 1 blocks are still reachable in loss record 78 of 97
==2258==    at 0x48407B4: malloc (vg_replace_malloc.c:381)
==2258==    by 0x4894346: ??? (in /usr/lib/x86_64-linux-gnu/libtinfo.so.6.4)
==2258==    by 0x4899404: _nc_setupterm (in /usr/lib/x86_64-linux-gnu/libtinfo.so.6.4)
==2258==    by 0x486E868: newterm_sp (in /usr/lib/x86_64-linux-gnu/libncurses.so.6.4)
==2258==    by 0x486ED07: newterm (in /usr/lib/x86_64-linux-gnu/libncurses.so.6.4)
==2258==    by 0x486AF3F: initscr (in /usr/lib/x86_64-linux-gnu/libncurses.so.6.4)
==2258==    by 0x1094C7: main (in /root/bin/view)
==2258== 
==2258== 704 bytes in 4 blocks are still reachable in loss record 79 of 97
==2258==    at 0x48455EF: calloc (vg_replace_malloc.c:1328)
==2258==    by 0x486F154: newwin_sp (in /usr/lib/x86_64-linux-gnu/libncurses.so.6.4)
==2258==    by 0x1095E1: main (in /root/bin/view)
==2258== 
==2258== 760 bytes in 1 blocks are still reachable in loss record 80 of 97
==2258==    at 0x48455EF: calloc (vg_replace_malloc.c:1328)
==2258==    by 0x489937F: _nc_setupterm (in /usr/lib/x86_64-linux-gnu/libtinfo.so.6.4)
==2258==    by 0x486E868: newterm_sp (in /usr/lib/x86_64-linux-gnu/libncurses.so.6.4)
==2258==    by 0x486ED07: newterm (in /usr/lib/x86_64-linux-gnu/libncurses.so.6.4)
==2258==    by 0x486AF3F: initscr (in /usr/lib/x86_64-linux-gnu/libncurses.so.6.4)
==2258==    by 0x1094C7: main (in /root/bin/view)
==2258== 
==2258== 984 bytes in 1 blocks are still reachable in loss record 81 of 97
==2258==    at 0x48407B4: malloc (vg_replace_malloc.c:381)
==2258==    by 0x48A181E: _nc_read_termtype (in /usr/lib/x86_64-linux-gnu/libtinfo.so.6.4)
==2258==    by 0x48A1B1A: _nc_read_file_entry (in /usr/lib/x86_64-linux-gnu/libtinfo.so.6.4)
==2258==    by 0x48A1E7C: ??? (in /usr/lib/x86_64-linux-gnu/libtinfo.so.6.4)
==2258==    by 0x48A1FCB: _nc_read_entry2 (in /usr/lib/x86_64-linux-gnu/libtinfo.so.6.4)
==2258==    by 0x4899018: ??? (in /usr/lib/x86_64-linux-gnu/libtinfo.so.6.4)
==2258==    by 0x48993D5: _nc_setupterm (in /usr/lib/x86_64-linux-gnu/libtinfo.so.6.4)
==2258==    by 0x486E868: newterm_sp (in /usr/lib/x86_64-linux-gnu/libncurses.so.6.4)
==2258==    by 0x486ED07: newterm (in /usr/lib/x86_64-linux-gnu/libncurses.so.6.4)
==2258==    by 0x486AF3F: initscr (in /usr/lib/x86_64-linux-gnu/libncurses.so.6.4)
==2258==    by 0x1094C7: main (in /root/bin/view)
==2258== 
==2258== 985 bytes in 1 blocks are still reachable in loss record 82 of 97
==2258==    at 0x48455EF: calloc (vg_replace_malloc.c:1328)
==2258==    by 0x48944F9: ??? (in /usr/lib/x86_64-linux-gnu/libtinfo.so.6.4)
==2258==    by 0x4899404: _nc_setupterm (in /usr/lib/x86_64-linux-gnu/libtinfo.so.6.4)
==2258==    by 0x486E868: newterm_sp (in /usr/lib/x86_64-linux-gnu/libncurses.so.6.4)
==2258==    by 0x486ED07: newterm (in /usr/lib/x86_64-linux-gnu/libncurses.so.6.4)
==2258==    by 0x486AF3F: initscr (in /usr/lib/x86_64-linux-gnu/libncurses.so.6.4)
==2258==    by 0x1094C7: main (in /root/bin/view)
==2258== 
==2258== 1,344 bytes in 1 blocks are still reachable in loss record 83 of 97
==2258==    at 0x48407B4: malloc (vg_replace_malloc.c:381)
==2258==    by 0x48648DB: ??? (in /usr/lib/x86_64-linux-gnu/libncurses.so.6.4)
==2258==    by 0x4863F44: ??? (in /usr/lib/x86_64-linux-gnu/libncurses.so.6.4)
==2258==    by 0x487A093: doupdate_sp (in /usr/lib/x86_64-linux-gnu/libncurses.so.6.4)
==2258==    by 0x48703E3: wrefresh (in /usr/lib/x86_64-linux-gnu/libncurses.so.6.4)
==2258==    by 0x1096A6: main (in /root/bin/view)
==2258== 
==2258== 1,464 bytes in 61 blocks are still reachable in loss record 84 of 97
==2258==    at 0x48455EF: calloc (vg_replace_malloc.c:1328)
==2258==    by 0x4893E66: _nc_add_to_try (in /usr/lib/x86_64-linux-gnu/libtinfo.so.6.4)
==2258==    by 0x4896F63: ??? (in /usr/lib/x86_64-linux-gnu/libtinfo.so.6.4)
==2258==    by 0x4898263: _nc_keypad (in /usr/lib/x86_64-linux-gnu/libtinfo.so.6.4)
==2258==    by 0x1094EF: main (in /root/bin/view)
==2258== 
==2258== 1,614 bytes in 1 blocks are still reachable in loss record 85 of 97
==2258==    at 0x48407B4: malloc (vg_replace_malloc.c:381)
==2258==    by 0x48A0F1A: _nc_read_termtype (in /usr/lib/x86_64-linux-gnu/libtinfo.so.6.4)
==2258==    by 0x48A1B1A: _nc_read_file_entry (in /usr/lib/x86_64-linux-gnu/libtinfo.so.6.4)
==2258==    by 0x48A1E7C: ??? (in /usr/lib/x86_64-linux-gnu/libtinfo.so.6.4)
==2258==    by 0x48A1FCB: _nc_read_entry2 (in /usr/lib/x86_64-linux-gnu/libtinfo.so.6.4)
==2258==    by 0x4899018: ??? (in /usr/lib/x86_64-linux-gnu/libtinfo.so.6.4)
==2258==    by 0x48993D5: _nc_setupterm (in /usr/lib/x86_64-linux-gnu/libtinfo.so.6.4)
==2258==    by 0x486E868: newterm_sp (in /usr/lib/x86_64-linux-gnu/libncurses.so.6.4)
==2258==    by 0x486ED07: newterm (in /usr/lib/x86_64-linux-gnu/libncurses.so.6.4)
==2258==    by 0x486AF3F: initscr (in /usr/lib/x86_64-linux-gnu/libncurses.so.6.4)
==2258==    by 0x1094C7: main (in /root/bin/view)
==2258== 
==2258== 1,624 bytes in 1 blocks are still reachable in loss record 86 of 97
==2258==    at 0x48455EF: calloc (vg_replace_malloc.c:1328)
==2258==    by 0x4899826: new_prescr (in /usr/lib/x86_64-linux-gnu/libtinfo.so.6.4)
==2258==    by 0x486ECF6: newterm (in /usr/lib/x86_64-linux-gnu/libncurses.so.6.4)
==2258==    by 0x486AF3F: initscr (in /usr/lib/x86_64-linux-gnu/libncurses.so.6.4)
==2258==    by 0x1094C7: main (in /root/bin/view)
==2258== 
==2258== 1,680 bytes in 70 blocks are still reachable in loss record 87 of 97
==2258==    at 0x48455EF: calloc (vg_replace_malloc.c:1328)
==2258==    by 0x4893E11: _nc_add_to_try (in /usr/lib/x86_64-linux-gnu/libtinfo.so.6.4)
==2258==    by 0x4896E82: ??? (in /usr/lib/x86_64-linux-gnu/libtinfo.so.6.4)
==2258==    by 0x4898263: _nc_keypad (in /usr/lib/x86_64-linux-gnu/libtinfo.so.6.4)
==2258==    by 0x1094EF: main (in /root/bin/view)
==2258== 
==2258== 2,016 bytes in 12 blocks are still reachable in loss record 88 of 97
==2258==    at 0x48455EF: calloc (vg_replace_malloc.c:1328)
==2258==    by 0x486F154: newwin_sp (in /usr/lib/x86_64-linux-gnu/libncurses.so.6.4)
==2258==    by 0x1095F8: main (in /root/bin/view)
==2258== 
==2258== 2,196 bytes in 1 blocks are still reachable in loss record 89 of 97
==2258==    at 0x48407B4: malloc (vg_replace_malloc.c:381)
==2258==    by 0x48942E8: ??? (in /usr/lib/x86_64-linux-gnu/libtinfo.so.6.4)
==2258==    by 0x4899404: _nc_setupterm (in /usr/lib/x86_64-linux-gnu/libtinfo.so.6.4)
==2258==    by 0x486E868: newterm_sp (in /usr/lib/x86_64-linux-gnu/libncurses.so.6.4)
==2258==    by 0x486ED07: newterm (in /usr/lib/x86_64-linux-gnu/libncurses.so.6.4)
==2258==    by 0x486AF3F: initscr (in /usr/lib/x86_64-linux-gnu/libncurses.so.6.4)
==2258==    by 0x1094C7: main (in /root/bin/view)
==2258== 
==2258== 2,208 bytes in 92 blocks are still reachable in loss record 90 of 97
==2258==    at 0x48455EF: calloc (vg_replace_malloc.c:1328)
==2258==    by 0x4893E66: _nc_add_to_try (in /usr/lib/x86_64-linux-gnu/libtinfo.so.6.4)
==2258==    by 0x4896E82: ??? (in /usr/lib/x86_64-linux-gnu/libtinfo.so.6.4)
==2258==    by 0x4898263: _nc_keypad (in /usr/lib/x86_64-linux-gnu/libtinfo.so.6.4)
==2258==    by 0x1094EF: main (in /root/bin/view)
==2258== 
==2258== 3,936 bytes in 1 blocks are still reachable in loss record 91 of 97
==2258==    at 0x484582F: realloc (vg_replace_malloc.c:1437)
==2258==    by 0x4896A42: _nc_doalloc (in /usr/lib/x86_64-linux-gnu/libtinfo.so.6.4)
==2258==    by 0x48A169B: _nc_read_termtype (in /usr/lib/x86_64-linux-gnu/libtinfo.so.6.4)
==2258==    by 0x48A1B1A: _nc_read_file_entry (in /usr/lib/x86_64-linux-gnu/libtinfo.so.6.4)
==2258==    by 0x48A1E7C: ??? (in /usr/lib/x86_64-linux-gnu/libtinfo.so.6.4)
==2258==    by 0x48A1FCB: _nc_read_entry2 (in /usr/lib/x86_64-linux-gnu/libtinfo.so.6.4)
==2258==    by 0x4899018: ??? (in /usr/lib/x86_64-linux-gnu/libtinfo.so.6.4)
==2258==    by 0x48993D5: _nc_setupterm (in /usr/lib/x86_64-linux-gnu/libtinfo.so.6.4)
==2258==    by 0x486E868: newterm_sp (in /usr/lib/x86_64-linux-gnu/libncurses.so.6.4)
==2258==    by 0x486ED07: newterm (in /usr/lib/x86_64-linux-gnu/libncurses.so.6.4)
==2258==    by 0x486AF3F: initscr (in /usr/lib/x86_64-linux-gnu/libncurses.so.6.4)
==2258==    by 0x1094C7: main (in /root/bin/view)
==2258== 
==2258== 3,936 bytes in 1 blocks are still reachable in loss record 92 of 97
==2258==    at 0x48407B4: malloc (vg_replace_malloc.c:381)
==2258==    by 0x48940DE: ??? (in /usr/lib/x86_64-linux-gnu/libtinfo.so.6.4)
==2258==    by 0x4899404: _nc_setupterm (in /usr/lib/x86_64-linux-gnu/libtinfo.so.6.4)
==2258==    by 0x486E868: newterm_sp (in /usr/lib/x86_64-linux-gnu/libncurses.so.6.4)
==2258==    by 0x486ED07: newterm (in /usr/lib/x86_64-linux-gnu/libncurses.so.6.4)
==2258==    by 0x486AF3F: initscr (in /usr/lib/x86_64-linux-gnu/libncurses.so.6.4)
==2258==    by 0x1094C7: main (in /root/bin/view)
==2258== 
==2258== 4,429 bytes in 1 blocks are still reachable in loss record 93 of 97
==2258==    at 0x48407B4: malloc (vg_replace_malloc.c:381)
==2258==    by 0x487592D: ??? (in /usr/lib/x86_64-linux-gnu/libncurses.so.6.4)
==2258==    by 0x486FCAF: vw_printw (in /usr/lib/x86_64-linux-gnu/libncurses.so.6.4)
==2258==    by 0x486FFF4: mvwprintw (in /usr/lib/x86_64-linux-gnu/libncurses.so.6.4)
==2258==    by 0x10986D: draw_leaderboard (in /root/bin/view)
==2258==    by 0x109678: main (in /root/bin/view)
==2258== 
==2258== 4,901 bytes in 1 blocks are still reachable in loss record 94 of 97
==2258==    at 0x48407B4: malloc (vg_replace_malloc.c:381)
==2258==    by 0x48725C8: ??? (in /usr/lib/x86_64-linux-gnu/libncurses.so.6.4)
==2258==    by 0x486E8B3: newterm_sp (in /usr/lib/x86_64-linux-gnu/libncurses.so.6.4)
==2258==    by 0x486ED07: newterm (in /usr/lib/x86_64-linux-gnu/libncurses.so.6.4)
==2258==    by 0x486AF3F: initscr (in /usr/lib/x86_64-linux-gnu/libncurses.so.6.4)
==2258==    by 0x1094C7: main (in /root/bin/view)
==2258== 
==2258== 17,604 bytes in 27 blocks are still reachable in loss record 95 of 97
==2258==    at 0x48455EF: calloc (vg_replace_malloc.c:1328)
==2258==    by 0x486F154: newwin_sp (in /usr/lib/x86_64-linux-gnu/libncurses.so.6.4)
==2258==    by 0x48728B0: ??? (in /usr/lib/x86_64-linux-gnu/libncurses.so.6.4)
==2258==    by 0x486E8B3: newterm_sp (in /usr/lib/x86_64-linux-gnu/libncurses.so.6.4)
==2258==    by 0x486ED07: newterm (in /usr/lib/x86_64-linux-gnu/libncurses.so.6.4)
==2258==    by 0x486AF3F: initscr (in /usr/lib/x86_64-linux-gnu/libncurses.so.6.4)
==2258==    by 0x1094C7: main (in /root/bin/view)
==2258== 
==2258== 17,604 bytes in 27 blocks are still reachable in loss record 96 of 97
==2258==    at 0x48455EF: calloc (vg_replace_malloc.c:1328)
==2258==    by 0x486F154: newwin_sp (in /usr/lib/x86_64-linux-gnu/libncurses.so.6.4)
==2258==    by 0x48728D5: ??? (in /usr/lib/x86_64-linux-gnu/libncurses.so.6.4)
==2258==    by 0x486E8B3: newterm_sp (in /usr/lib/x86_64-linux-gnu/libncurses.so.6.4)
==2258==    by 0x486ED07: newterm (in /usr/lib/x86_64-linux-gnu/libncurses.so.6.4)
==2258==    by 0x486AF3F: initscr (in /usr/lib/x86_64-linux-gnu/libncurses.so.6.4)
==2258==    by 0x1094C7: main (in /root/bin/view)
==2258== 
==2258== 17,604 bytes in 27 blocks are still reachable in loss record 97 of 97
==2258==    at 0x48455EF: calloc (vg_replace_malloc.c:1328)
==2258==    by 0x486F154: newwin_sp (in /usr/lib/x86_64-linux-gnu/libncurses.so.6.4)
==2258==    by 0x4872A4B: ??? (in /usr/lib/x86_64-linux-gnu/libncurses.so.6.4)
==2258==    by 0x486E8B3: newterm_sp (in /usr/lib/x86_64-linux-gnu/libncurses.so.6.4)
==2258==    by 0x486ED07: newterm (in /usr/lib/x86_64-linux-gnu/libncurses.so.6.4)
==2258==    by 0x486AF3F: initscr (in /usr/lib/x86_64-linux-gnu/libncurses.so.6.4)
==2258==    by 0x1094C7: main (in /root/bin/view)
==2258== 
==2258== LEAK SUMMARY:
==2258==    definitely lost: 0 bytes in 0 blocks
==2258==    indirectly lost: 0 bytes in 0 blocks
==2258==      possibly lost: 603 bytes in 9 blocks
==2258==    still reachable: 96,360 bytes in 420 blocks
==2258==         suppressed: 0 bytes in 0 blocks
==2258== 
==2258== For lists of detected and suppressed errors, rerun with: -s
==2258== ERROR SUMMARY: 9 errors from 9 contexts (suppressed: 0 from 0)
